#
# A fatal error has been detected by the Java Runtime Environment:
#
#  EXCEPTION_ACCESS_VIOLATION (0xc0000005) at pc=0x00007ffdc2ee88a6, pid=9196, tid=1056
#
# JRE version: OpenJDK Runtime Environment (11.0.15) (build 11.0.15+0-b2043.56-8887301)
# Java VM: OpenJDK 64-Bit Server VM (11.0.15+0-b2043.56-8887301, mixed mode, tiered, compressed oops, g1 gc, windows-amd64)
# Problematic frame:
# V  [jvm.dll+0x1a88a6]
#
# No core dump will be written. Minidumps are not enabled by default on client versions of Windows
#
# If you would like to submit a bug report, please visit:
#   https://bugreport.java.com/bugreport/crash.jsp
#

---------------  S U M M A R Y ------------

Command Line: --add-opens=java.base/java.util=ALL-UNNAMED --add-opens=java.base/java.lang=ALL-UNNAMED --add-opens=java.base/java.lang.invoke=ALL-UNNAMED --add-opens=java.base/java.util=ALL-UNNAMED --add-opens=java.prefs/java.util.prefs=ALL-UNNAMED --add-opens=java.prefs/java.util.prefs=ALL-UNNAMED --add-opens=java.base/java.nio.charset=ALL-UNNAMED --add-opens=java.base/java.net=ALL-UNNAMED --add-opens=java.base/java.util.concurrent.atomic=ALL-UNNAMED -Xmx2048m -Dfile.encoding=UTF-8 -Duser.country=IN -Duser.language=en -Duser.variant org.gradle.launcher.daemon.bootstrap.GradleDaemon 7.5

Host: Intel(R) Core(TM) i3-4160 CPU @ 3.60GHz, 4 cores, 7G,  Windows 10 , 64 bit Build 19041 (10.0.19041.2364)
Time: Wed Feb  1 14:30:24 2023 India Standard Time elapsed time: 21.993158 seconds (0d 0h 0m 21s)

---------------  T H R E A D  ---------------

Current thread (0x0000019ebf173800):  GCTaskThread "GC Thread#2" [stack: 0x0000004232800000,0x0000004232900000] [id=1056]

Stack: [0x0000004232800000,0x0000004232900000],  sp=0x00000042328ff2f8,  free space=1020k
Native frames: (J=compiled Java code, j=interpreted, Vv=VM code, C=native code)
V  [jvm.dll+0x1a88a6]


siginfo: EXCEPTION_ACCESS_VIOLATION (0xc0000005), reading address 0x0000000000000008


Register to memory mapping:

RIP=0x00007ffdc2ee88a6 jvm.dll
RAX=0x0000000000000001 is an unknown value
RBX=0x0000000088b10e58 is pointing into object: com.android.tools.r8.internal.Os 
{0x0000000088b10e48} - klass: 'com/android/tools/r8/internal/Os'
RCX=0x000000008d5415d8 is pointing into object: java.util.jar.JarFile$JarFileEntry 
{0x000000008d541590} - klass: 'java/util/jar/JarFile$JarFileEntry'
RDX=0x000000008d5415d8 is pointing into object: java.util.jar.JarFile$JarFileEntry 
{0x000000008d541590} - klass: 'java/util/jar/JarFile$JarFileEntry'
RSP=0x00000042328ff2f8 points into unknown readable memory: 0x00007ffdc306438f | 8f 43 06 c3 fd 7f 00 00
RBP=0x0000019ec1e21ff0 points into unknown readable memory: 0x00007ffdc361fe48 | 48 fe 61 c3 fd 7f 00 00
RSI=0x0000019ec1e21ff0 points into unknown readable memory: 0x00007ffdc361fe48 | 48 fe 61 c3 fd 7f 00 00
RDI=0x0000000000000001 is an unknown value
R8 =0x000000008d5415d8 is pointing into object: java.util.jar.JarFile$JarFileEntry 
{0x000000008d541590} - klass: 'java/util/jar/JarFile$JarFileEntry'
R9 =0x0 is NULL
R10=0x0000000088b10e58 is pointing into object: com.android.tools.r8.internal.Os 
{0x0000000088b10e48} - klass: 'com/android/tools/r8/internal/Os'
R11=0x0000019ec1e22160 points into unknown readable memory: 0x00007ffdc361fe00 | 00 fe 61 c3 fd 7f 00 00
R12=0x0 is NULL
R13=0x00007ffdc3620940 jvm.dll
R14=0x000000008d5415d8 is pointing into object: java.util.jar.JarFile$JarFileEntry 
{0x000000008d541590} - klass: 'java/util/jar/JarFile$JarFileEntry'
R15=0x0 is NULL


Registers:
RAX=0x0000000000000001, RBX=0x0000000088b10e58, RCX=0x000000008d5415d8, RDX=0x000000008d5415d8
RSP=0x00000042328ff2f8, RBP=0x0000019ec1e21ff0, RSI=0x0000019ec1e21ff0, RDI=0x0000000000000001
R8 =0x000000008d5415d8, R9 =0x0000000000000000, R10=0x0000000088b10e58, R11=0x0000019ec1e22160
R12=0x0000000000000000, R13=0x00007ffdc3620940, R14=0x000000008d5415d8, R15=0x0000000000000000
RIP=0x00007ffdc2ee88a6, EFLAGS=0x0000000000010246

Top of Stack: (sp=0x00000042328ff2f8)
0x00000042328ff2f8:   00007ffdc306438f 0000000000000001
0x00000042328ff308:   0000000088b10e01 0000019ec1e21ff0
0x00000042328ff318:   0000000000000064 0000000000000064
0x00000042328ff328:   00007ffdc30b0e3d 0000000000000012
0x00000042328ff338:   00007ffdc303c0ce 0000019ec1e21ff0
0x00000042328ff348:   0000000000000040 0000019ea215de80
0x00000042328ff358:   00007ffdc3620940 0000000000000000
0x00000042328ff368:   0000000000000000 00000000000008ec
0x00000042328ff378:   00007ffdc3062cb1 0000019ec1e21ff0
0x00000042328ff388:   0000019ea215de80 000000000000000d
0x00000042328ff398:   0000000088b10e58 0000000000000000
0x00000042328ff3a8:   00000042328ff5a8 00000042328ff580
0x00000042328ff3b8:   000000000000005b 0000019ea4364600
0x00000042328ff3c8:   0000000000000100 0000019ec1e21ff0
0x00000042328ff3d8:   00007ffdc3070bbe 0000000085b37c00
0x00000042328ff3e8:   0000000000000040 00000042328ff5a8 

Instructions: (pc=0x00007ffdc2ee88a6)
0x00007ffdc2ee87a6:   eb 04 48 8b 43 08 81 78 08 00 00 00 c0 0f 83 81
0x00007ffdc2ee87b6:   00 00 00 48 8b 4f 38 48 8b d3 48 8b 01 ff 50 20
0x00007ffdc2ee87c6:   84 c0 75 70 38 05 d1 e7 93 00 74 15 8b 53 08 8b
0x00007ffdc2ee87d6:   0d 7d 2f 8f 00 48 d3 e2 48 03 15 6b 2f 8f 00 eb
0x00007ffdc2ee87e6:   04 48 8b 53 08 48 8b cb 48 89 5c 24 20 e8 a8 00
0x00007ffdc2ee87f6:   00 00 80 7f 30 00 48 63 c8 48 89 4c 24 28 74 1c
0x00007ffdc2ee8806:   0f 10 44 24 20 0f 11 86 98 03 00 00 48 8b 5c 24
0x00007ffdc2ee8816:   40 48 8b 74 24 48 48 83 c4 30 5f c3 48 8b 07 48
0x00007ffdc2ee8826:   8d 54 24 20 48 89 4c 24 28 48 8b cf 48 89 5c 24
0x00007ffdc2ee8836:   20 ff 50 38 48 8b 5c 24 40 48 8b 74 24 48 48 83
0x00007ffdc2ee8846:   c4 30 5f c3 cc cc cc cc cc cc 48 8b 49 38 48 8b
0x00007ffdc2ee8856:   01 48 ff 60 28 cc cc cc cc cc 80 3d 3a e7 93 00
0x00007ffdc2ee8866:   00 48 8b c1 74 1b 8b 51 08 8b 0d e3 2e 8f 00 48
0x00007ffdc2ee8876:   d3 e2 48 8b c8 48 03 15 ce 2e 8f 00 e9 19 00 00
0x00007ffdc2ee8886:   00 48 8b 51 08 48 8b c8 e9 0d 00 00 00 cc cc cc
0x00007ffdc2ee8896:   cc cc cc cc cc cc cc cc cc cc 4c 8b ca 48 8b d1
0x00007ffdc2ee88a6:   45 8b 41 08 45 85 c0 7e 0e 41 f6 c0 01 75 56 41
0x00007ffdc2ee88b6:   c1 f8 03 41 8b c0 c3 79 4c 80 3d db e6 93 00 00
0x00007ffdc2ee88c6:   b8 0c 00 00 00 b9 10 00 00 00 0f 45 c8 8b 05 9b
0x00007ffdc2ee88d6:   5e 8d 00 ff c8 4c 63 c8 48 63 14 11 41 8b c8 83
0x00007ffdc2ee88e6:   e1 3f 48 d3 e2 41 8b c8 48 c1 f9 10 0f b6 c1 49
0x00007ffdc2ee88f6:   8d 0c 11 49 f7 d1 48 03 c1 49 c1 e9 03 48 c1 e8
0x00007ffdc2ee8906:   03 41 23 c1 c3 49 8b 01 49 8b c9 48 ff a0 10 01
0x00007ffdc2ee8916:   00 00 cc cc cc cc cc cc cc cc 48 8b c2 c3 cc cc
0x00007ffdc2ee8926:   cc cc cc cc cc cc cc cc cc cc 48 83 ec 38 48 8b
0x00007ffdc2ee8936:   c1 48 8b 49 38 80 79 08 00 74 05 90 48 8b 48 38
0x00007ffdc2ee8946:   0f 10 02 48 8d 54 24 20 0f 29 44 24 20 e8 28 f0
0x00007ffdc2ee8956:   ff ff 48 83 c4 38 c3 cc cc cc 48 83 ec 38 0f 10
0x00007ffdc2ee8966:   02 48 8b 01 48 8d 54 24 20 0f 29 44 24 20 ff 50
0x00007ffdc2ee8976:   38 48 83 c4 38 c3 cc cc cc cc 48 89 5c 24 08 55
0x00007ffdc2ee8986:   56 57 41 54 41 55 41 56 41 57 48 8d 6c 24 e0 48
0x00007ffdc2ee8996:   81 ec 20 01 00 00 48 8b 05 85 b6 90 00 48 33 c4 


Stack slot to memory mapping:
stack at sp + 0 slots: 0x00007ffdc306438f jvm.dll
stack at sp + 1 slots: 0x0000000000000001 is an unknown value
stack at sp + 2 slots: 0x0000000088b10e01 is pointing into object: com.android.tools.r8.internal.ct 
{0x0000000088b10dd8} - klass: 'com/android/tools/r8/internal/ct'
stack at sp + 3 slots: 0x0000019ec1e21ff0 points into unknown readable memory: 0x00007ffdc361fe48 | 48 fe 61 c3 fd 7f 00 00
stack at sp + 4 slots: 0x0000000000000064 is an unknown value
stack at sp + 5 slots: 0x0000000000000064 is an unknown value
stack at sp + 6 slots: 0x00007ffdc30b0e3d jvm.dll
stack at sp + 7 slots: 0x0000000000000012 is an unknown value


---------------  P R O C E S S  ---------------

Threads class SMR info:
_java_thread_list=0x0000019ec62c7140, length=87, elements={
0x0000019ea224e000, 0x0000019ebdf79800, 0x0000019ebdf87000, 0x0000019ebdf92000,
0x0000019ebdf93000, 0x0000019ebdf95000, 0x0000019ebdf9b800, 0x0000019ebdfa6800,
0x0000019ebdfa7800, 0x0000019ebea4d000, 0x0000019ebfd7c000, 0x0000019ebf92e800,
0x0000019ebfe54800, 0x0000019ec0cca800, 0x0000019ec15e3000, 0x0000019ec15e3800,
0x0000019ec0b2f000, 0x0000019ebfeea800, 0x0000019ebfeeb800, 0x0000019ec0a5b000,
0x0000019ebfb85000, 0x0000019ebfb89800, 0x0000019ebfb87000, 0x0000019ebfb85800,
0x0000019ebfb89000, 0x0000019ebfb86800, 0x0000019ebfb84000, 0x0000019ebfb88000,
0x0000019ebfb8a800, 0x0000019ec0466800, 0x0000019ec0466000, 0x0000019ec046a000,
0x0000019ec046b000, 0x0000019ec1bbc800, 0x0000019ec046b800, 0x0000019ec046c800,
0x0000019ec046d800, 0x0000019ec0468800, 0x0000019ec0472000, 0x0000019ec0471800,
0x0000019ec0470800, 0x0000019ec0473000, 0x0000019ec0474800, 0x0000019ec0474000,
0x0000019ec046f800, 0x0000019ec2510000, 0x0000019ec250b800, 0x0000019ec250c000,
0x0000019ec250d800, 0x0000019ec250d000, 0x0000019ec250e800, 0x0000019ec2511000,
0x0000019ec2512000, 0x0000019ec250f800, 0x0000019ec2516800, 0x0000019ec2516000,
0x0000019ec2512800, 0x0000019ec2517800, 0x0000019ec2518800, 0x0000019ec2519000,
0x0000019ec2513800, 0x0000019ec251a000, 0x0000019ec2514800, 0x0000019ec2515000,
0x0000019ec4c47000, 0x0000019ec4c43000, 0x0000019ec4c46800, 0x0000019ec4c49000,
0x0000019ec4c44800, 0x0000019ec4c48000, 0x0000019ec4c44000, 0x0000019ec4c4a800,
0x0000019ec4c49800, 0x0000019ec4c4b000, 0x0000019ec4c45800, 0x0000019ec4c4f800,
0x0000019ec4c51000, 0x0000019ec4c50000, 0x0000019ec4c51800, 0x0000019ec4c4d800,
0x0000019ec4c4c000, 0x0000019ec4c4d000, 0x0000019ec4c4e800, 0x0000019ebfe09800,
0x0000019ebfe08800, 0x0000019ebfe06800, 0x0000019ebfe0d000
}

Java Threads: ( => current thread )
  0x0000019ea224e000 JavaThread "main" [_thread_blocked, id=7584, stack(0x0000004231500000,0x0000004231600000)]
  0x0000019ebdf79800 JavaThread "Reference Handler" daemon [_thread_blocked, id=3060, stack(0x0000004231c00000,0x0000004231d00000)]
  0x0000019ebdf87000 JavaThread "Finalizer" daemon [_thread_blocked, id=6252, stack(0x0000004231d00000,0x0000004231e00000)]
  0x0000019ebdf92000 JavaThread "Signal Dispatcher" daemon [_thread_blocked, id=8364, stack(0x0000004231e00000,0x0000004231f00000)]
  0x0000019ebdf93000 JavaThread "Attach Listener" daemon [_thread_blocked, id=10524, stack(0x0000004231f00000,0x0000004232000000)]
  0x0000019ebdf95000 JavaThread "Service Thread" daemon [_thread_blocked, id=8548, stack(0x0000004232000000,0x0000004232100000)]
  0x0000019ebdf9b800 JavaThread "C2 CompilerThread0" daemon [_thread_blocked, id=8004, stack(0x0000004232100000,0x0000004232200000)]
  0x0000019ebdfa6800 JavaThread "C1 CompilerThread0" daemon [_thread_blocked, id=3588, stack(0x0000004232200000,0x0000004232300000)]
  0x0000019ebdfa7800 JavaThread "Sweeper thread" daemon [_thread_blocked, id=6920, stack(0x0000004232300000,0x0000004232400000)]
  0x0000019ebea4d000 JavaThread "Common-Cleaner" daemon [_thread_blocked, id=4352, stack(0x0000004232400000,0x0000004232500000)]
  0x0000019ebfd7c000 JavaThread "Daemon health stats" [_thread_blocked, id=9876, stack(0x0000004232900000,0x0000004232a00000)]
  0x0000019ebf92e800 JavaThread "Incoming local TCP Connector on port 50378" [_thread_in_native, id=1464, stack(0x0000004232600000,0x0000004232700000)]
  0x0000019ebfe54800 JavaThread "Daemon periodic checks" [_thread_blocked, id=6892, stack(0x0000004232a00000,0x0000004232b00000)]
  0x0000019ec0cca800 JavaThread "Daemon" [_thread_blocked, id=11460, stack(0x0000004232b00000,0x0000004232c00000)]
  0x0000019ec15e3000 JavaThread "Handler for socket connection from /127.0.0.1:50378 to /127.0.0.1:50379" [_thread_in_native, id=11944, stack(0x0000004232c00000,0x0000004232d00000)]
  0x0000019ec15e3800 JavaThread "Cancel handler" [_thread_blocked, id=4540, stack(0x0000004232d00000,0x0000004232e00000)]
  0x0000019ec0b2f000 JavaThread "Daemon worker" [_thread_blocked, id=12036, stack(0x0000004232e00000,0x0000004232f00000)]
  0x0000019ebfeea800 JavaThread "Asynchronous log dispatcher for DefaultDaemonConnection: socket connection from /127.0.0.1:50378 to /127.0.0.1:50379" [_thread_blocked, id=3812, stack(0x0000004232f00000,0x0000004233000000)]
  0x0000019ebfeeb800 JavaThread "Stdin handler" [_thread_blocked, id=6996, stack(0x0000004233000000,0x0000004233100000)]
  0x0000019ec0a5b000 JavaThread "Daemon client event forwarder" [_thread_blocked, id=7820, stack(0x0000004233100000,0x0000004233200000)]
  0x0000019ebfb85000 JavaThread "Cache worker for journal cache (C:\Users\Admin\.gradle\caches\journal-1)" [_thread_blocked, id=1860, stack(0x0000004233400000,0x0000004233500000)]
  0x0000019ebfb89800 JavaThread "File lock request listener" [_thread_in_native, id=3924, stack(0x0000004233500000,0x0000004233600000)]
  0x0000019ebfb87000 JavaThread "Cache worker for file hash cache (C:\Users\Admin\.gradle\caches\7.5\fileHashes)" [_thread_blocked, id=12084, stack(0x0000004233600000,0x0000004233700000)]
  0x0000019ebfb85800 JavaThread "File watcher server" daemon [_thread_blocked, id=4008, stack(0x0000004233800000,0x0000004233900000)]
  0x0000019ebfb89000 JavaThread "File watcher consumer" daemon [_thread_blocked, id=10828, stack(0x0000004233900000,0x0000004233a00000)]
  0x0000019ebfb86800 JavaThread "Cache worker for checksums cache (D:\Tejas\college\SEM 6\z__mini project\Socializer\.gradle\7.5\checksums)" [_thread_blocked, id=4184, stack(0x0000004233700000,0x0000004233800000)]
  0x0000019ebfb84000 JavaThread "Cache worker for cache directory md-rule (C:\Users\Admin\.gradle\caches\7.5\md-rule)" [_thread_blocked, id=11884, stack(0x0000004233a00000,0x0000004233b00000)]
  0x0000019ebfb88000 JavaThread "Cache worker for file content cache (C:\Users\Admin\.gradle\caches\7.5\fileContent)" [_thread_blocked, id=6472, stack(0x0000004233b00000,0x0000004233c00000)]
  0x0000019ebfb8a800 JavaThread "Cache worker for file hash cache (D:\Tejas\college\SEM 6\z__mini project\Socializer\.gradle\7.5\fileHashes)" [_thread_blocked, id=6868, stack(0x0000004233c00000,0x0000004233d00000)]
  0x0000019ec0466800 JavaThread "Cache worker for cache directory md-supplier (C:\Users\Admin\.gradle\caches\7.5\md-supplier)" [_thread_blocked, id=2680, stack(0x0000004233d00000,0x0000004233e00000)]
  0x0000019ec0466000 JavaThread "Cache worker for execution history cache (C:\Users\Admin\.gradle\caches\7.5\executionHistory)" [_thread_blocked, id=7376, stack(0x0000004233e00000,0x0000004233f00000)]
  0x0000019ec046a000 JavaThread "jar transforms" [_thread_blocked, id=11072, stack(0x0000004233f00000,0x0000004234000000)]
  0x0000019ec046b000 JavaThread "jar transforms Thread 2" [_thread_blocked, id=10796, stack(0x0000004234000000,0x0000004234100000)]
  0x0000019ec1bbc800 JavaThread "C2 CompilerThread1" daemon [_thread_blocked, id=11044, stack(0x0000004234100000,0x0000004234200000)]
  0x0000019ec046b800 JavaThread "jar transforms Thread 3" [_thread_blocked, id=11736, stack(0x0000004234200000,0x0000004234300000)]
  0x0000019ec046c800 JavaThread "jar transforms Thread 4" [_thread_blocked, id=10976, stack(0x0000004234300000,0x0000004234400000)]
  0x0000019ec046d800 JavaThread "Cache worker for dependencies-accessors (D:\Tejas\college\SEM 6\z__mini project\Socializer\.gradle\7.5\dependencies-accessors)" [_thread_blocked, id=7684, stack(0x0000004234400000,0x0000004234500000)]
  0x0000019ec0468800 JavaThread "Cache worker for Build Output Cleanup Cache (D:\Tejas\college\SEM 6\z__mini project\Socializer\.gradle\buildOutputCleanup)" [_thread_blocked, id=124, stack(0x0000004234500000,0x0000004234600000)]
  0x0000019ec0472000 JavaThread "Unconstrained build operations" [_thread_blocked, id=6880, stack(0x0000004234600000,0x0000004234700000)]
  0x0000019ec0471800 JavaThread "Unconstrained build operations Thread 2" [_thread_blocked, id=8060, stack(0x0000004234700000,0x0000004234800000)]
  0x0000019ec0470800 JavaThread "Unconstrained build operations Thread 3" [_thread_blocked, id=2944, stack(0x0000004234800000,0x0000004234900000)]
  0x0000019ec0473000 JavaThread "Unconstrained build operations Thread 4" [_thread_blocked, id=12176, stack(0x0000004234900000,0x0000004234a00000)]
  0x0000019ec0474800 JavaThread "Unconstrained build operations Thread 5" [_thread_blocked, id=1872, stack(0x0000004234a00000,0x0000004234b00000)]
  0x0000019ec0474000 JavaThread "Unconstrained build operations Thread 6" [_thread_blocked, id=5860, stack(0x0000004234b00000,0x0000004234c00000)]
  0x0000019ec046f800 JavaThread "Unconstrained build operations Thread 7" [_thread_blocked, id=10576, stack(0x0000004234c00000,0x0000004234d00000)]
  0x0000019ec2510000 JavaThread "Unconstrained build operations Thread 8" [_thread_blocked, id=11892, stack(0x0000004234d00000,0x0000004234e00000)]
  0x0000019ec250b800 JavaThread "Unconstrained build operations Thread 9" [_thread_blocked, id=6916, stack(0x0000004234e00000,0x0000004234f00000)]
  0x0000019ec250c000 JavaThread "Unconstrained build operations Thread 10" [_thread_blocked, id=8484, stack(0x0000004234f00000,0x0000004235000000)]
  0x0000019ec250d800 JavaThread "Unconstrained build operations Thread 11" [_thread_blocked, id=5540, stack(0x0000004235000000,0x0000004235100000)]
  0x0000019ec250d000 JavaThread "Unconstrained build operations Thread 12" [_thread_blocked, id=12104, stack(0x0000004235100000,0x0000004235200000)]
  0x0000019ec250e800 JavaThread "Unconstrained build operations Thread 13" [_thread_blocked, id=3632, stack(0x0000004235200000,0x0000004235300000)]
  0x0000019ec2511000 JavaThread "Unconstrained build operations Thread 14" [_thread_blocked, id=9712, stack(0x0000004235300000,0x0000004235400000)]
  0x0000019ec2512000 JavaThread "Unconstrained build operations Thread 15" [_thread_blocked, id=10916, stack(0x0000004235400000,0x0000004235500000)]
  0x0000019ec250f800 JavaThread "Unconstrained build operations Thread 16" [_thread_blocked, id=5116, stack(0x0000004235500000,0x0000004235600000)]
  0x0000019ec2516800 JavaThread "Unconstrained build operations Thread 17" [_thread_blocked, id=1292, stack(0x0000004235600000,0x0000004235700000)]
  0x0000019ec2516000 JavaThread "Unconstrained build operations Thread 18" [_thread_blocked, id=9124, stack(0x0000004235700000,0x0000004235800000)]
  0x0000019ec2512800 JavaThread "Unconstrained build operations Thread 19" [_thread_blocked, id=7040, stack(0x0000004235800000,0x0000004235900000)]
  0x0000019ec2517800 JavaThread "Unconstrained build operations Thread 20" [_thread_blocked, id=3328, stack(0x0000004235900000,0x0000004235a00000)]
  0x0000019ec2518800 JavaThread "Unconstrained build operations Thread 21" [_thread_blocked, id=4456, stack(0x0000004235a00000,0x0000004235b00000)]
  0x0000019ec2519000 JavaThread "Unconstrained build operations Thread 22" [_thread_blocked, id=11924, stack(0x0000004235b00000,0x0000004235c00000)]
  0x0000019ec2513800 JavaThread "Unconstrained build operations Thread 23" [_thread_blocked, id=2540, stack(0x0000004235c00000,0x0000004235d00000)]
  0x0000019ec251a000 JavaThread "Unconstrained build operations Thread 24" [_thread_blocked, id=6020, stack(0x0000004235d00000,0x0000004235e00000)]
  0x0000019ec2514800 JavaThread "Unconstrained build operations Thread 25" [_thread_blocked, id=9804, stack(0x0000004235e00000,0x0000004235f00000)]
  0x0000019ec2515000 JavaThread "Unconstrained build operations Thread 26" [_thread_blocked, id=2080, stack(0x0000004235f00000,0x0000004236000000)]
  0x0000019ec4c47000 JavaThread "Unconstrained build operations Thread 27" [_thread_blocked, id=10704, stack(0x0000004236000000,0x0000004236100000)]
  0x0000019ec4c43000 JavaThread "Unconstrained build operations Thread 28" [_thread_blocked, id=3068, stack(0x0000004236100000,0x0000004236200000)]
  0x0000019ec4c46800 JavaThread "Unconstrained build operations Thread 29" [_thread_blocked, id=2988, stack(0x0000004236200000,0x0000004236300000)]
  0x0000019ec4c49000 JavaThread "Unconstrained build operations Thread 30" [_thread_blocked, id=6852, stack(0x0000004236300000,0x0000004236400000)]
  0x0000019ec4c44800 JavaThread "Unconstrained build operations Thread 31" [_thread_blocked, id=7268, stack(0x0000004236400000,0x0000004236500000)]
  0x0000019ec4c48000 JavaThread "Unconstrained build operations Thread 32" [_thread_blocked, id=1684, stack(0x0000004236500000,0x0000004236600000)]
  0x0000019ec4c44000 JavaThread "Unconstrained build operations Thread 33" [_thread_blocked, id=4424, stack(0x0000004236600000,0x0000004236700000)]
  0x0000019ec4c4a800 JavaThread "Unconstrained build operations Thread 34" [_thread_blocked, id=12128, stack(0x0000004236700000,0x0000004236800000)]
  0x0000019ec4c49800 JavaThread "Unconstrained build operations Thread 35" [_thread_blocked, id=4000, stack(0x0000004236800000,0x0000004236900000)]
  0x0000019ec4c4b000 JavaThread "Unconstrained build operations Thread 36" [_thread_blocked, id=10588, stack(0x0000004236900000,0x0000004236a00000)]
  0x0000019ec4c45800 JavaThread "Unconstrained build operations Thread 37" [_thread_blocked, id=3864, stack(0x0000004236a00000,0x0000004236b00000)]
  0x0000019ec4c4f800 JavaThread "Unconstrained build operations Thread 38" [_thread_blocked, id=11968, stack(0x0000004236b00000,0x0000004236c00000)]
  0x0000019ec4c51000 JavaThread "Unconstrained build operations Thread 39" [_thread_blocked, id=8684, stack(0x0000004236c00000,0x0000004236d00000)]
  0x0000019ec4c50000 JavaThread "Unconstrained build operations Thread 40" [_thread_blocked, id=7312, stack(0x0000004236d00000,0x0000004236e00000)]
  0x0000019ec4c51800 JavaThread "build event listener" [_thread_blocked, id=8452, stack(0x0000004236e00000,0x0000004236f00000)]
  0x0000019ec4c4d800 JavaThread "Memory manager" [_thread_blocked, id=8832, stack(0x0000004236f00000,0x0000004237000000)]
  0x0000019ec4c4c000 JavaThread "pool-3-thread-1" [_thread_blocked, id=11988, stack(0x0000004237000000,0x0000004237100000)]
  0x0000019ec4c4d000 JavaThread "build event listener" [_thread_blocked, id=1108, stack(0x0000004237100000,0x0000004237200000)]
  0x0000019ec4c4e800 JavaThread "included builds" [_thread_blocked, id=10728, stack(0x0000004237200000,0x0000004237300000)]
  0x0000019ebfe09800 JavaThread "Execution worker" [_thread_blocked, id=1888, stack(0x0000004237300000,0x0000004237400000)]
  0x0000019ebfe08800 JavaThread "Execution worker Thread 2" [_thread_blocked, id=10228, stack(0x0000004237400000,0x0000004237500000)]
  0x0000019ebfe06800 JavaThread "Execution worker Thread 3" [_thread_blocked, id=7564, stack(0x0000004237500000,0x0000004237600000)]
  0x0000019ebfe0d000 JavaThread "Cache worker for execution history cache (D:\Tejas\college\SEM 6\z__mini project\Socializer\.gradle\7.5\executionHistory)" [_thread_blocked, id=7056, stack(0x0000004237600000,0x0000004237700000)]

Other Threads:
  0x0000019ebdf77800 VMThread "VM Thread" [stack: 0x0000004231b00000,0x0000004231c00000] [id=7972]
  0x0000019ebea54800 WatcherThread [stack: 0x0000004232500000,0x0000004232600000] [id=4452]
  0x0000019ea437d000 GCTaskThread "GC Thread#0" [stack: 0x0000004231600000,0x0000004231700000] [id=760]
  0x0000019ebefd8800 GCTaskThread "GC Thread#1" [stack: 0x0000004232700000,0x0000004232800000] [id=10436]
=>0x0000019ebf173800 GCTaskThread "GC Thread#2" [stack: 0x0000004232800000,0x0000004232900000] [id=1056]
  0x0000019ec0916000 GCTaskThread "GC Thread#3" [stack: 0x0000004233200000,0x0000004233300000] [id=4236]
  0x0000019ea43ac800 ConcurrentGCThread "G1 Main Marker" [stack: 0x0000004231700000,0x0000004231800000] [id=1208]
  0x0000019ea43ae000 ConcurrentGCThread "G1 Conc#0" [stack: 0x0000004231800000,0x0000004231900000] [id=7304]
  0x0000019ebddd0800 ConcurrentGCThread "G1 Refine#0" [stack: 0x0000004231900000,0x0000004231a00000] [id=8964]
  0x0000019ebf002800 ConcurrentGCThread "G1 Refine#1" [stack: 0x0000004233300000,0x0000004233400000] [id=6296]
  0x0000019ebddd1000 ConcurrentGCThread "G1 Young RemSet Sampling" [stack: 0x0000004231a00000,0x0000004231b00000] [id=8800]

Threads with active compile tasks:
C2 CompilerThread0    22190 11556       4       com.android.tools.r8.internal.ct::a (990 bytes)
C2 CompilerThread1    22190 11564 %     4       com.android.tools.r8.internal.Ab::a @ 2534 (6176 bytes)

VM state:at safepoint (normal execution)

VM Mutex/Monitor currently owned by a thread:  ([mutex/lock_event])
[0x0000019ea224bdf0] Threads_lock - owner thread: 0x0000019ebdf77800
[0x0000019ea224b2b0] Heap_lock - owner thread: 0x0000019ebfe09800

Heap address: 0x0000000080000000, size: 2048 MB, Compressed Oops mode: 32-bit
Narrow klass base: 0x0000000000000000, Narrow klass shift: 3
Compressed class space size: 1073741824 Address: 0x0000000100000000

Heap:
 garbage-first heap   total 227328K, used 175104K [0x0000000080000000, 0x0000000100000000)
  region size 1024K, 77 young (78848K), 10 survivors (10240K)
 Metaspace       used 95646K, capacity 98629K, committed 98768K, reserved 1134592K
  class space    used 12495K, capacity 13639K, committed 13644K, reserved 1048576K
Heap Regions: E=young(eden), S=young(survivor), O=old, HS=humongous(starts), HC=humongous(continues), CS=collection set, F=free, A=archive, TAMS=top-at-mark-start (previous, next)
|   0|0x0000000080000000, 0x0000000080100000, 0x0000000080100000|100%|HS|  |TAMS 0x0000000080100000, 0x0000000080000000| Complete 
|   1|0x0000000080100000, 0x0000000080200000, 0x0000000080200000|100%|HC|  |TAMS 0x0000000080200000, 0x0000000080100000| Complete 
|   2|0x0000000080200000, 0x0000000080300000, 0x0000000080300000|100%|HC|  |TAMS 0x0000000080300000, 0x0000000080200000| Complete 
|   3|0x0000000080300000, 0x0000000080400000, 0x0000000080400000|100%| O|  |TAMS 0x0000000080400000, 0x0000000080300000| Untracked 
|   4|0x0000000080400000, 0x0000000080500000, 0x0000000080500000|100%| O|  |TAMS 0x0000000080500000, 0x0000000080400000| Untracked 
|   5|0x0000000080500000, 0x0000000080600000, 0x0000000080600000|100%| O|  |TAMS 0x0000000080600000, 0x0000000080500000| Untracked 
|   6|0x0000000080600000, 0x0000000080700000, 0x0000000080700000|100%| O|  |TAMS 0x0000000080700000, 0x0000000080600000| Untracked 
|   7|0x0000000080700000, 0x0000000080800000, 0x0000000080800000|100%| O|  |TAMS 0x0000000080800000, 0x0000000080700000| Untracked 
|   8|0x0000000080800000, 0x0000000080900000, 0x0000000080900000|100%| O|  |TAMS 0x0000000080900000, 0x0000000080800000| Untracked 
|   9|0x0000000080900000, 0x0000000080a00000, 0x0000000080a00000|100%| O|  |TAMS 0x0000000080a00000, 0x0000000080900000| Untracked 
|  10|0x0000000080a00000, 0x0000000080b00000, 0x0000000080b00000|100%| O|  |TAMS 0x0000000080b00000, 0x0000000080a00000| Untracked 
|  11|0x0000000080b00000, 0x0000000080c00000, 0x0000000080c00000|100%| O|  |TAMS 0x0000000080c00000, 0x0000000080b00000| Untracked 
|  12|0x0000000080c00000, 0x0000000080d00000, 0x0000000080d00000|100%| O|  |TAMS 0x0000000080d00000, 0x0000000080c00000| Untracked 
|  13|0x0000000080d00000, 0x0000000080e00000, 0x0000000080e00000|100%| O|  |TAMS 0x0000000080e00000, 0x0000000080d00000| Untracked 
|  14|0x0000000080e00000, 0x0000000080f00000, 0x0000000080f00000|100%| O|  |TAMS 0x0000000080f00000, 0x0000000080e00000| Untracked 
|  15|0x0000000080f00000, 0x0000000081000000, 0x0000000081000000|100%| O|  |TAMS 0x0000000081000000, 0x0000000080f00000| Untracked 
|  16|0x0000000081000000, 0x0000000081100000, 0x0000000081100000|100%| O|  |TAMS 0x0000000081100000, 0x0000000081000000| Untracked 
|  17|0x0000000081100000, 0x0000000081200000, 0x0000000081200000|100%|HS|  |TAMS 0x0000000081200000, 0x0000000081100000| Complete 
|  18|0x0000000081200000, 0x0000000081300000, 0x0000000081300000|100%| O|  |TAMS 0x0000000081300000, 0x0000000081200000| Untracked 
|  19|0x0000000081300000, 0x0000000081400000, 0x0000000081400000|100%| O|  |TAMS 0x0000000081400000, 0x0000000081300000| Untracked 
|  20|0x0000000081400000, 0x0000000081500000, 0x0000000081500000|100%| O|  |TAMS 0x0000000081500000, 0x0000000081400000| Untracked 
|  21|0x0000000081500000, 0x0000000081600000, 0x0000000081600000|100%| O|  |TAMS 0x0000000081600000, 0x0000000081500000| Untracked 
|  22|0x0000000081600000, 0x0000000081700000, 0x0000000081700000|100%| O|  |TAMS 0x0000000081700000, 0x0000000081600000| Untracked 
|  23|0x0000000081700000, 0x0000000081800000, 0x0000000081800000|100%| O|  |TAMS 0x0000000081800000, 0x0000000081700000| Untracked 
|  24|0x0000000081800000, 0x0000000081900000, 0x0000000081900000|100%| O|  |TAMS 0x0000000081900000, 0x0000000081800000| Untracked 
|  25|0x0000000081900000, 0x0000000081a00000, 0x0000000081a00000|100%| O|  |TAMS 0x0000000081a00000, 0x0000000081900000| Untracked 
|  26|0x0000000081a00000, 0x0000000081b00000, 0x0000000081b00000|100%| O|  |TAMS 0x0000000081b00000, 0x0000000081a00000| Untracked 
|  27|0x0000000081b00000, 0x0000000081c00000, 0x0000000081c00000|100%| O|  |TAMS 0x0000000081c00000, 0x0000000081b00000| Untracked 
|  28|0x0000000081c00000, 0x0000000081d00000, 0x0000000081d00000|100%| O|  |TAMS 0x0000000081d00000, 0x0000000081c00000| Untracked 
|  29|0x0000000081d00000, 0x0000000081e00000, 0x0000000081e00000|100%|HS|  |TAMS 0x0000000081e00000, 0x0000000081d00000| Complete 
|  30|0x0000000081e00000, 0x0000000081f00000, 0x0000000081f00000|100%| O|  |TAMS 0x0000000081f00000, 0x0000000081e00000| Untracked 
|  31|0x0000000081f00000, 0x0000000082000000, 0x0000000082000000|100%| O|  |TAMS 0x0000000082000000, 0x0000000081f00000| Untracked 
|  32|0x0000000082000000, 0x0000000082100000, 0x0000000082100000|100%| O|  |TAMS 0x0000000082100000, 0x0000000082000000| Untracked 
|  33|0x0000000082100000, 0x0000000082200000, 0x0000000082200000|100%| O|  |TAMS 0x0000000082200000, 0x0000000082100000| Untracked 
|  34|0x0000000082200000, 0x0000000082300000, 0x0000000082300000|100%| O|  |TAMS 0x0000000082300000, 0x0000000082200000| Untracked 
|  35|0x0000000082300000, 0x0000000082400000, 0x0000000082400000|100%| O|  |TAMS 0x0000000082400000, 0x0000000082300000| Untracked 
|  36|0x0000000082400000, 0x0000000082500000, 0x0000000082500000|100%| O|  |TAMS 0x0000000082500000, 0x0000000082400000| Untracked 
|  37|0x0000000082500000, 0x0000000082600000, 0x0000000082600000|100%| O|  |TAMS 0x0000000082600000, 0x0000000082500000| Untracked 
|  38|0x0000000082600000, 0x0000000082700000, 0x0000000082700000|100%| O|  |TAMS 0x0000000082700000, 0x0000000082600000| Untracked 
|  39|0x0000000082700000, 0x0000000082800000, 0x0000000082800000|100%| O|  |TAMS 0x0000000082800000, 0x0000000082700000| Untracked 
|  40|0x0000000082800000, 0x0000000082900000, 0x0000000082900000|100%| O|  |TAMS 0x0000000082900000, 0x0000000082800000| Untracked 
|  41|0x0000000082900000, 0x0000000082a00000, 0x0000000082a00000|100%| O|  |TAMS 0x0000000082a00000, 0x0000000082900000| Untracked 
|  42|0x0000000082a00000, 0x0000000082b00000, 0x0000000082b00000|100%| O|  |TAMS 0x0000000082b00000, 0x0000000082a00000| Untracked 
|  43|0x0000000082b00000, 0x0000000082c00000, 0x0000000082c00000|100%| O|  |TAMS 0x0000000082c00000, 0x0000000082b00000| Untracked 
|  44|0x0000000082c00000, 0x0000000082d00000, 0x0000000082d00000|100%| O|  |TAMS 0x0000000082d00000, 0x0000000082c00000| Untracked 
|  45|0x0000000082d00000, 0x0000000082e00000, 0x0000000082e00000|100%| O|  |TAMS 0x0000000082e00000, 0x0000000082d00000| Untracked 
|  46|0x0000000082e00000, 0x0000000082f00000, 0x0000000082f00000|100%| O|  |TAMS 0x0000000082f00000, 0x0000000082e00000| Untracked 
|  47|0x0000000082f00000, 0x0000000083000000, 0x0000000083000000|100%| O|  |TAMS 0x0000000083000000, 0x0000000082f00000| Untracked 
|  48|0x0000000083000000, 0x0000000083100000, 0x0000000083100000|100%| O|  |TAMS 0x0000000083100000, 0x0000000083000000| Untracked 
|  49|0x0000000083100000, 0x0000000083200000, 0x0000000083200000|100%| O|  |TAMS 0x0000000083200000, 0x0000000083100000| Untracked 
|  50|0x0000000083200000, 0x0000000083300000, 0x0000000083300000|100%| O|  |TAMS 0x0000000083300000, 0x0000000083200000| Untracked 
|  51|0x0000000083300000, 0x0000000083400000, 0x0000000083400000|100%| O|  |TAMS 0x000000008338ba00, 0x0000000083300000| Untracked 
|  52|0x0000000083400000, 0x0000000083500000, 0x0000000083500000|100%| O|  |TAMS 0x0000000083400000, 0x0000000083400000| Untracked 
|  53|0x0000000083500000, 0x0000000083600000, 0x0000000083600000|100%| O|  |TAMS 0x0000000083500000, 0x0000000083500000| Untracked 
|  54|0x0000000083600000, 0x0000000083700000, 0x0000000083700000|100%| O|  |TAMS 0x0000000083600000, 0x0000000083600000| Untracked 
|  55|0x0000000083700000, 0x0000000083800000, 0x0000000083800000|100%| O|  |TAMS 0x0000000083700000, 0x0000000083700000| Untracked 
|  56|0x0000000083800000, 0x0000000083900000, 0x0000000083900000|100%| O|  |TAMS 0x0000000083800000, 0x0000000083800000| Untracked 
|  57|0x0000000083900000, 0x0000000083a00000, 0x0000000083a00000|100%| O|  |TAMS 0x0000000083900000, 0x0000000083900000| Untracked 
|  58|0x0000000083a00000, 0x0000000083b00000, 0x0000000083b00000|100%| O|  |TAMS 0x0000000083a00000, 0x0000000083a00000| Untracked 
|  59|0x0000000083b00000, 0x0000000083c00000, 0x0000000083c00000|100%| O|  |TAMS 0x0000000083b00000, 0x0000000083b00000| Untracked 
|  60|0x0000000083c00000, 0x0000000083d00000, 0x0000000083d00000|100%| O|  |TAMS 0x0000000083c00000, 0x0000000083c00000| Untracked 
|  61|0x0000000083d00000, 0x0000000083e00000, 0x0000000083e00000|100%| O|  |TAMS 0x0000000083d00000, 0x0000000083d00000| Untracked 
|  62|0x0000000083e00000, 0x0000000083f00000, 0x0000000083f00000|100%| O|  |TAMS 0x0000000083e00000, 0x0000000083e00000| Untracked 
|  63|0x0000000083f00000, 0x0000000084000000, 0x0000000084000000|100%| O|  |TAMS 0x0000000083f00000, 0x0000000083f00000| Untracked 
|  64|0x0000000084000000, 0x0000000084100000, 0x0000000084100000|100%| O|  |TAMS 0x0000000084000000, 0x0000000084000000| Untracked 
|  65|0x0000000084100000, 0x0000000084200000, 0x0000000084200000|100%| O|  |TAMS 0x0000000084100000, 0x0000000084100000| Untracked 
|  66|0x0000000084200000, 0x0000000084300000, 0x0000000084300000|100%| O|  |TAMS 0x0000000084200000, 0x0000000084200000| Untracked 
|  67|0x0000000084300000, 0x0000000084400000, 0x0000000084400000|100%| O|  |TAMS 0x0000000084300000, 0x0000000084300000| Untracked 
|  68|0x0000000084400000, 0x0000000084500000, 0x0000000084500000|100%| O|  |TAMS 0x0000000084400000, 0x0000000084400000| Untracked 
|  69|0x0000000084500000, 0x0000000084600000, 0x0000000084600000|100%| O|  |TAMS 0x0000000084500000, 0x0000000084500000| Untracked 
|  70|0x0000000084600000, 0x0000000084700000, 0x0000000084700000|100%| O|  |TAMS 0x0000000084600000, 0x0000000084600000| Untracked 
|  71|0x0000000084700000, 0x0000000084800000, 0x0000000084800000|100%| O|  |TAMS 0x0000000084700000, 0x0000000084700000| Untracked 
|  72|0x0000000084800000, 0x0000000084900000, 0x0000000084900000|100%| O|  |TAMS 0x0000000084800000, 0x0000000084800000| Untracked 
|  73|0x0000000084900000, 0x0000000084a00000, 0x0000000084a00000|100%| O|  |TAMS 0x0000000084900000, 0x0000000084900000| Untracked 
|  74|0x0000000084a00000, 0x0000000084b00000, 0x0000000084b00000|100%| O|  |TAMS 0x0000000084a00000, 0x0000000084a00000| Untracked 
|  75|0x0000000084b00000, 0x0000000084c00000, 0x0000000084c00000|100%| O|  |TAMS 0x0000000084b00000, 0x0000000084b00000| Untracked 
|  76|0x0000000084c00000, 0x0000000084d00000, 0x0000000084d00000|100%| O|  |TAMS 0x0000000084c00000, 0x0000000084c00000| Untracked 
|  77|0x0000000084d00000, 0x0000000084e00000, 0x0000000084e00000|100%| O|  |TAMS 0x0000000084d00000, 0x0000000084d00000| Untracked 
|  78|0x0000000084e00000, 0x0000000084f00000, 0x0000000084f00000|100%| O|  |TAMS 0x0000000084e00000, 0x0000000084e00000| Untracked 
|  79|0x0000000084f00000, 0x0000000085000000, 0x0000000085000000|100%| O|  |TAMS 0x0000000084f00000, 0x0000000084f00000| Untracked 
|  80|0x0000000085000000, 0x0000000085100000, 0x0000000085100000|100%| O|  |TAMS 0x0000000085000000, 0x0000000085000000| Untracked 
|  81|0x0000000085100000, 0x0000000085200000, 0x0000000085200000|100%| O|  |TAMS 0x0000000085100000, 0x0000000085100000| Untracked 
|  82|0x0000000085200000, 0x0000000085300000, 0x0000000085300000|100%| O|  |TAMS 0x0000000085200000, 0x0000000085200000| Untracked 
|  83|0x0000000085300000, 0x0000000085400000, 0x0000000085400000|100%| O|  |TAMS 0x0000000085300000, 0x0000000085300000| Untracked 
|  84|0x0000000085400000, 0x0000000085500000, 0x0000000085500000|100%| O|  |TAMS 0x0000000085400000, 0x0000000085400000| Untracked 
|  85|0x0000000085500000, 0x0000000085600000, 0x0000000085600000|100%| O|  |TAMS 0x0000000085500000, 0x0000000085500000| Untracked 
|  86|0x0000000085600000, 0x0000000085700000, 0x0000000085700000|100%| O|  |TAMS 0x0000000085600000, 0x0000000085600000| Untracked 
|  87|0x0000000085700000, 0x0000000085800000, 0x0000000085800000|100%| O|  |TAMS 0x0000000085700000, 0x0000000085700000| Untracked 
|  88|0x0000000085800000, 0x0000000085900000, 0x0000000085900000|100%| O|  |TAMS 0x0000000085800000, 0x0000000085800000| Untracked 
|  89|0x0000000085900000, 0x0000000085a00000, 0x0000000085a00000|100%| O|  |TAMS 0x0000000085900000, 0x0000000085900000| Untracked 
|  90|0x0000000085a00000, 0x0000000085b00000, 0x0000000085b00000|100%| O|  |TAMS 0x0000000085a00000, 0x0000000085a00000| Untracked 
|  91|0x0000000085b00000, 0x0000000085c00000, 0x0000000085c00000|100%| O|  |TAMS 0x0000000085b00000, 0x0000000085b00000| Untracked 
|  92|0x0000000085c00000, 0x0000000085d00000, 0x0000000085d00000|100%| O|  |TAMS 0x0000000085c00000, 0x0000000085c00000| Untracked 
|  93|0x0000000085d00000, 0x0000000085e00000, 0x0000000085e00000|100%| O|  |TAMS 0x0000000085d00000, 0x0000000085d00000| Untracked 
|  94|0x0000000085e00000, 0x0000000085f00000, 0x0000000085f00000|100%| O|  |TAMS 0x0000000085e00000, 0x0000000085e00000| Untracked 
|  95|0x0000000085f00000, 0x0000000086000000, 0x0000000086000000|100%| O|  |TAMS 0x0000000085f00000, 0x0000000085f00000| Untracked 
|  96|0x0000000086000000, 0x0000000086100000, 0x0000000086100000|100%| O|  |TAMS 0x0000000086000000, 0x0000000086000000| Untracked 
|  97|0x0000000086100000, 0x0000000086200000, 0x0000000086200000|100%| O|  |TAMS 0x0000000086100000, 0x0000000086100000| Untracked 
|  98|0x0000000086200000, 0x0000000086300000, 0x0000000086300000|100%| O|  |TAMS 0x0000000086200000, 0x0000000086200000| Untracked 
|  99|0x0000000086300000, 0x0000000086400000, 0x0000000086400000|100%| O|  |TAMS 0x0000000086300000, 0x0000000086300000| Untracked 
| 100|0x0000000086400000, 0x0000000086500000, 0x0000000086500000|100%| O|  |TAMS 0x0000000086400000, 0x0000000086400000| Untracked 
| 101|0x0000000086500000, 0x0000000086600000, 0x0000000086600000|100%| O|  |TAMS 0x0000000086500000, 0x0000000086500000| Untracked 
| 102|0x0000000086600000, 0x0000000086700000, 0x0000000086700000|100%| O|  |TAMS 0x0000000086600000, 0x0000000086600000| Untracked 
| 103|0x0000000086700000, 0x0000000086800000, 0x0000000086800000|100%| O|  |TAMS 0x0000000086700000, 0x0000000086700000| Untracked 
| 104|0x0000000086800000, 0x0000000086800000, 0x0000000086900000|  0%| F|  |TAMS 0x0000000086800000, 0x0000000086800000| Untracked 
| 105|0x0000000086900000, 0x0000000086900000, 0x0000000086a00000|  0%| F|  |TAMS 0x0000000086900000, 0x0000000086900000| Untracked 
| 106|0x0000000086a00000, 0x0000000086a00000, 0x0000000086b00000|  0%| F|  |TAMS 0x0000000086a00000, 0x0000000086a00000| Untracked 
| 107|0x0000000086b00000, 0x0000000086b00000, 0x0000000086c00000|  0%| F|  |TAMS 0x0000000086b00000, 0x0000000086b00000| Untracked 
| 108|0x0000000086c00000, 0x0000000086c00000, 0x0000000086d00000|  0%| F|  |TAMS 0x0000000086c00000, 0x0000000086c00000| Untracked 
| 109|0x0000000086d00000, 0x0000000086d00000, 0x0000000086e00000|  0%| F|  |TAMS 0x0000000086d00000, 0x0000000086d00000| Untracked 
| 110|0x0000000086e00000, 0x0000000086e00000, 0x0000000086f00000|  0%| F|  |TAMS 0x0000000086e00000, 0x0000000086e00000| Untracked 
| 111|0x0000000086f00000, 0x0000000086f00000, 0x0000000087000000|  0%| F|  |TAMS 0x0000000086f00000, 0x0000000086f00000| Untracked 
| 112|0x0000000087000000, 0x0000000087000000, 0x0000000087100000|  0%| F|  |TAMS 0x0000000087000000, 0x0000000087000000| Untracked 
| 113|0x0000000087100000, 0x0000000087100000, 0x0000000087200000|  0%| F|  |TAMS 0x0000000087100000, 0x0000000087100000| Untracked 
| 114|0x0000000087200000, 0x0000000087200000, 0x0000000087300000|  0%| F|  |TAMS 0x0000000087200000, 0x0000000087200000| Untracked 
| 115|0x0000000087300000, 0x0000000087300000, 0x0000000087400000|  0%| F|  |TAMS 0x0000000087300000, 0x0000000087300000| Untracked 
| 116|0x0000000087400000, 0x0000000087400000, 0x0000000087500000|  0%| F|  |TAMS 0x0000000087400000, 0x0000000087400000| Untracked 
| 117|0x0000000087500000, 0x0000000087500000, 0x0000000087600000|  0%| F|  |TAMS 0x0000000087500000, 0x0000000087500000| Untracked 
| 118|0x0000000087600000, 0x0000000087600000, 0x0000000087700000|  0%| F|  |TAMS 0x0000000087600000, 0x0000000087600000| Untracked 
| 119|0x0000000087700000, 0x0000000087700000, 0x0000000087800000|  0%| F|  |TAMS 0x0000000087700000, 0x0000000087700000| Untracked 
| 120|0x0000000087800000, 0x0000000087800000, 0x0000000087900000|  0%| F|  |TAMS 0x0000000087800000, 0x0000000087800000| Untracked 
| 121|0x0000000087900000, 0x0000000087900000, 0x0000000087a00000|  0%| F|  |TAMS 0x0000000087900000, 0x0000000087900000| Untracked 
| 122|0x0000000087a00000, 0x0000000087a00000, 0x0000000087b00000|  0%| F|  |TAMS 0x0000000087a00000, 0x0000000087a00000| Untracked 
| 123|0x0000000087b00000, 0x0000000087b00000, 0x0000000087c00000|  0%| F|  |TAMS 0x0000000087b00000, 0x0000000087b00000| Untracked 
| 124|0x0000000087c00000, 0x0000000087c00000, 0x0000000087d00000|  0%| F|  |TAMS 0x0000000087c00000, 0x0000000087c00000| Untracked 
| 125|0x0000000087d00000, 0x0000000087d00000, 0x0000000087e00000|  0%| F|  |TAMS 0x0000000087d00000, 0x0000000087d00000| Untracked 
| 126|0x0000000087e00000, 0x0000000087e00000, 0x0000000087f00000|  0%| F|  |TAMS 0x0000000087e00000, 0x0000000087e00000| Untracked 
| 127|0x0000000087f00000, 0x0000000087f00000, 0x0000000088000000|  0%| F|  |TAMS 0x0000000087f00000, 0x0000000087f00000| Untracked 
| 128|0x0000000088000000, 0x0000000088000000, 0x0000000088100000|  0%| F|  |TAMS 0x0000000088000000, 0x0000000088000000| Untracked 
| 129|0x0000000088100000, 0x0000000088100000, 0x0000000088200000|  0%| F|  |TAMS 0x0000000088100000, 0x0000000088100000| Untracked 
| 130|0x0000000088200000, 0x0000000088200000, 0x0000000088300000|  0%| F|  |TAMS 0x0000000088200000, 0x0000000088200000| Untracked 
| 131|0x0000000088300000, 0x0000000088300000, 0x0000000088400000|  0%| F|  |TAMS 0x0000000088300000, 0x0000000088300000| Untracked 
| 132|0x0000000088400000, 0x0000000088400000, 0x0000000088500000|  0%| F|  |TAMS 0x0000000088400000, 0x0000000088400000| Untracked 
| 133|0x0000000088500000, 0x0000000088500000, 0x0000000088600000|  0%| F|  |TAMS 0x0000000088500000, 0x0000000088500000| Untracked 
| 134|0x0000000088600000, 0x0000000088600000, 0x0000000088700000|  0%| F|  |TAMS 0x0000000088600000, 0x0000000088600000| Untracked 
| 135|0x0000000088700000, 0x0000000088800000, 0x0000000088800000|100%| S|  |TAMS 0x0000000088700000, 0x0000000088700000| Complete 
| 136|0x0000000088800000, 0x0000000088900000, 0x0000000088900000|100%| S|  |TAMS 0x0000000088800000, 0x0000000088800000| Complete 
| 137|0x0000000088900000, 0x0000000088a00000, 0x0000000088a00000|100%| S|  |TAMS 0x0000000088900000, 0x0000000088900000| Complete 
| 138|0x0000000088a00000, 0x0000000088b00000, 0x0000000088b00000|100%| S|  |TAMS 0x0000000088a00000, 0x0000000088a00000| Complete 
| 139|0x0000000088b00000, 0x0000000088c00000, 0x0000000088c00000|100%| S|  |TAMS 0x0000000088b00000, 0x0000000088b00000| Complete 
| 140|0x0000000088c00000, 0x0000000088d00000, 0x0000000088d00000|100%| S|  |TAMS 0x0000000088c00000, 0x0000000088c00000| Complete 
| 141|0x0000000088d00000, 0x0000000088e00000, 0x0000000088e00000|100%| E|CS|TAMS 0x0000000088d00000, 0x0000000088d00000| Complete 
| 142|0x0000000088e00000, 0x0000000088f00000, 0x0000000088f00000|100%| E|CS|TAMS 0x0000000088e00000, 0x0000000088e00000| Complete 
| 143|0x0000000088f00000, 0x0000000089000000, 0x0000000089000000|100%| E|CS|TAMS 0x0000000088f00000, 0x0000000088f00000| Complete 
| 144|0x0000000089000000, 0x0000000089100000, 0x0000000089100000|100%| E|CS|TAMS 0x0000000089000000, 0x0000000089000000| Complete 
| 145|0x0000000089100000, 0x0000000089200000, 0x0000000089200000|100%| E|CS|TAMS 0x0000000089100000, 0x0000000089100000| Complete 
| 146|0x0000000089200000, 0x0000000089300000, 0x0000000089300000|100%| E|CS|TAMS 0x0000000089200000, 0x0000000089200000| Complete 
| 147|0x0000000089300000, 0x0000000089400000, 0x0000000089400000|100%| E|CS|TAMS 0x0000000089300000, 0x0000000089300000| Complete 
| 148|0x0000000089400000, 0x0000000089500000, 0x0000000089500000|100%| E|CS|TAMS 0x0000000089400000, 0x0000000089400000| Complete 
| 149|0x0000000089500000, 0x0000000089600000, 0x0000000089600000|100%| E|CS|TAMS 0x0000000089500000, 0x0000000089500000| Complete 
| 150|0x0000000089600000, 0x0000000089700000, 0x0000000089700000|100%| E|CS|TAMS 0x0000000089600000, 0x0000000089600000| Complete 
| 151|0x0000000089700000, 0x0000000089800000, 0x0000000089800000|100%| S|  |TAMS 0x0000000089700000, 0x0000000089700000| Complete 
| 152|0x0000000089800000, 0x0000000089900000, 0x0000000089900000|100%| S|  |TAMS 0x0000000089800000, 0x0000000089800000| Complete 
| 153|0x0000000089900000, 0x0000000089a00000, 0x0000000089a00000|100%| S|  |TAMS 0x0000000089900000, 0x0000000089900000| Complete 
| 154|0x0000000089a00000, 0x0000000089b00000, 0x0000000089b00000|100%| S|  |TAMS 0x0000000089a00000, 0x0000000089a00000| Complete 
| 155|0x0000000089b00000, 0x0000000089c00000, 0x0000000089c00000|100%| E|CS|TAMS 0x0000000089b00000, 0x0000000089b00000| Complete 
| 156|0x0000000089c00000, 0x0000000089d00000, 0x0000000089d00000|100%| E|CS|TAMS 0x0000000089c00000, 0x0000000089c00000| Complete 
| 157|0x0000000089d00000, 0x0000000089e00000, 0x0000000089e00000|100%| E|CS|TAMS 0x0000000089d00000, 0x0000000089d00000| Complete 
| 158|0x0000000089e00000, 0x0000000089f00000, 0x0000000089f00000|100%| E|CS|TAMS 0x0000000089e00000, 0x0000000089e00000| Complete 
| 159|0x0000000089f00000, 0x000000008a000000, 0x000000008a000000|100%| E|CS|TAMS 0x0000000089f00000, 0x0000000089f00000| Complete 
| 160|0x000000008a000000, 0x000000008a100000, 0x000000008a100000|100%| E|CS|TAMS 0x000000008a000000, 0x000000008a000000| Complete 
| 161|0x000000008a100000, 0x000000008a200000, 0x000000008a200000|100%| E|CS|TAMS 0x000000008a100000, 0x000000008a100000| Complete 
| 162|0x000000008a200000, 0x000000008a300000, 0x000000008a300000|100%| E|CS|TAMS 0x000000008a200000, 0x000000008a200000| Complete 
| 163|0x000000008a300000, 0x000000008a400000, 0x000000008a400000|100%| E|CS|TAMS 0x000000008a300000, 0x000000008a300000| Complete 
| 164|0x000000008a400000, 0x000000008a500000, 0x000000008a500000|100%| E|CS|TAMS 0x000000008a400000, 0x000000008a400000| Complete 
| 165|0x000000008a500000, 0x000000008a600000, 0x000000008a600000|100%| E|CS|TAMS 0x000000008a500000, 0x000000008a500000| Complete 
| 166|0x000000008a600000, 0x000000008a700000, 0x000000008a700000|100%| E|CS|TAMS 0x000000008a600000, 0x000000008a600000| Complete 
| 167|0x000000008a700000, 0x000000008a800000, 0x000000008a800000|100%| E|CS|TAMS 0x000000008a700000, 0x000000008a700000| Complete 
| 168|0x000000008a800000, 0x000000008a900000, 0x000000008a900000|100%| E|CS|TAMS 0x000000008a800000, 0x000000008a800000| Complete 
| 169|0x000000008a900000, 0x000000008aa00000, 0x000000008aa00000|100%| E|CS|TAMS 0x000000008a900000, 0x000000008a900000| Complete 
| 170|0x000000008aa00000, 0x000000008ab00000, 0x000000008ab00000|100%| E|CS|TAMS 0x000000008aa00000, 0x000000008aa00000| Complete 
| 171|0x000000008ab00000, 0x000000008ac00000, 0x000000008ac00000|100%| E|CS|TAMS 0x000000008ab00000, 0x000000008ab00000| Complete 
| 172|0x000000008ac00000, 0x000000008ad00000, 0x000000008ad00000|100%| E|CS|TAMS 0x000000008ac00000, 0x000000008ac00000| Complete 
| 173|0x000000008ad00000, 0x000000008ae00000, 0x000000008ae00000|100%| E|CS|TAMS 0x000000008ad00000, 0x000000008ad00000| Complete 
| 174|0x000000008ae00000, 0x000000008af00000, 0x000000008af00000|100%| E|CS|TAMS 0x000000008ae00000, 0x000000008ae00000| Complete 
| 175|0x000000008af00000, 0x000000008b000000, 0x000000008b000000|100%| E|CS|TAMS 0x000000008af00000, 0x000000008af00000| Complete 
| 176|0x000000008b000000, 0x000000008b100000, 0x000000008b100000|100%| E|CS|TAMS 0x000000008b000000, 0x000000008b000000| Complete 
| 177|0x000000008b100000, 0x000000008b200000, 0x000000008b200000|100%| E|CS|TAMS 0x000000008b100000, 0x000000008b100000| Complete 
| 178|0x000000008b200000, 0x000000008b300000, 0x000000008b300000|100%| E|CS|TAMS 0x000000008b200000, 0x000000008b200000| Complete 
| 179|0x000000008b300000, 0x000000008b400000, 0x000000008b400000|100%| E|CS|TAMS 0x000000008b300000, 0x000000008b300000| Complete 
| 180|0x000000008b400000, 0x000000008b500000, 0x000000008b500000|100%| E|CS|TAMS 0x000000008b400000, 0x000000008b400000| Complete 
| 181|0x000000008b500000, 0x000000008b600000, 0x000000008b600000|100%| E|CS|TAMS 0x000000008b500000, 0x000000008b500000| Complete 
| 182|0x000000008b600000, 0x000000008b700000, 0x000000008b700000|100%| E|CS|TAMS 0x000000008b600000, 0x000000008b600000| Complete 
| 183|0x000000008b700000, 0x000000008b800000, 0x000000008b800000|100%| E|CS|TAMS 0x000000008b700000, 0x000000008b700000| Complete 
| 184|0x000000008b800000, 0x000000008b900000, 0x000000008b900000|100%| E|CS|TAMS 0x000000008b800000, 0x000000008b800000| Complete 
| 185|0x000000008b900000, 0x000000008ba00000, 0x000000008ba00000|100%| E|CS|TAMS 0x000000008b900000, 0x000000008b900000| Complete 
| 186|0x000000008ba00000, 0x000000008bb00000, 0x000000008bb00000|100%| E|CS|TAMS 0x000000008ba00000, 0x000000008ba00000| Complete 
| 187|0x000000008bb00000, 0x000000008bc00000, 0x000000008bc00000|100%| E|CS|TAMS 0x000000008bb00000, 0x000000008bb00000| Complete 
| 188|0x000000008bc00000, 0x000000008bd00000, 0x000000008bd00000|100%| E|CS|TAMS 0x000000008bc00000, 0x000000008bc00000| Complete 
| 189|0x000000008bd00000, 0x000000008be00000, 0x000000008be00000|100%| E|CS|TAMS 0x000000008bd00000, 0x000000008bd00000| Complete 
| 190|0x000000008be00000, 0x000000008bf00000, 0x000000008bf00000|100%| E|CS|TAMS 0x000000008be00000, 0x000000008be00000| Complete 
| 191|0x000000008bf00000, 0x000000008c000000, 0x000000008c000000|100%| E|CS|TAMS 0x000000008bf00000, 0x000000008bf00000| Complete 
| 192|0x000000008c000000, 0x000000008c100000, 0x000000008c100000|100%| E|CS|TAMS 0x000000008c000000, 0x000000008c000000| Complete 
| 193|0x000000008c100000, 0x000000008c200000, 0x000000008c200000|100%| E|CS|TAMS 0x000000008c100000, 0x000000008c100000| Complete 
| 194|0x000000008c200000, 0x000000008c300000, 0x000000008c300000|100%| E|CS|TAMS 0x000000008c200000, 0x000000008c200000| Complete 
| 195|0x000000008c300000, 0x000000008c400000, 0x000000008c400000|100%| E|CS|TAMS 0x000000008c300000, 0x000000008c300000| Complete 
| 196|0x000000008c400000, 0x000000008c500000, 0x000000008c500000|100%| E|CS|TAMS 0x000000008c400000, 0x000000008c400000| Complete 
| 197|0x000000008c500000, 0x000000008c600000, 0x000000008c600000|100%| E|CS|TAMS 0x000000008c500000, 0x000000008c500000| Complete 
| 198|0x000000008c600000, 0x000000008c700000, 0x000000008c700000|100%| E|CS|TAMS 0x000000008c600000, 0x000000008c600000| Complete 
| 199|0x000000008c700000, 0x000000008c800000, 0x000000008c800000|100%| E|CS|TAMS 0x000000008c700000, 0x000000008c700000| Complete 
| 200|0x000000008c800000, 0x000000008c900000, 0x000000008c900000|100%| E|CS|TAMS 0x000000008c800000, 0x000000008c800000| Complete 
| 201|0x000000008c900000, 0x000000008ca00000, 0x000000008ca00000|100%| E|CS|TAMS 0x000000008c900000, 0x000000008c900000| Complete 
| 202|0x000000008ca00000, 0x000000008cb00000, 0x000000008cb00000|100%| E|CS|TAMS 0x000000008ca00000, 0x000000008ca00000| Complete 
| 203|0x000000008cb00000, 0x000000008cc00000, 0x000000008cc00000|100%| E|CS|TAMS 0x000000008cb00000, 0x000000008cb00000| Complete 
| 204|0x000000008cc00000, 0x000000008cd00000, 0x000000008cd00000|100%| E|CS|TAMS 0x000000008cc00000, 0x000000008cc00000| Complete 
| 205|0x000000008cd00000, 0x000000008ce00000, 0x000000008ce00000|100%| E|CS|TAMS 0x000000008cd00000, 0x000000008cd00000| Complete 
| 206|0x000000008ce00000, 0x000000008cf00000, 0x000000008cf00000|100%| E|CS|TAMS 0x000000008ce00000, 0x000000008ce00000| Complete 
| 207|0x000000008cf00000, 0x000000008d000000, 0x000000008d000000|100%| E|CS|TAMS 0x000000008cf00000, 0x000000008cf00000| Complete 
| 208|0x000000008d000000, 0x000000008d100000, 0x000000008d100000|100%| E|CS|TAMS 0x000000008d000000, 0x000000008d000000| Complete 
| 209|0x000000008d100000, 0x000000008d200000, 0x000000008d200000|100%| E|CS|TAMS 0x000000008d100000, 0x000000008d100000| Complete 
| 210|0x000000008d200000, 0x000000008d300000, 0x000000008d300000|100%| E|CS|TAMS 0x000000008d200000, 0x000000008d200000| Complete 
| 211|0x000000008d300000, 0x000000008d400000, 0x000000008d400000|100%| E|CS|TAMS 0x000000008d300000, 0x000000008d300000| Complete 
| 212|0x000000008d400000, 0x000000008d500000, 0x000000008d500000|100%| E|CS|TAMS 0x000000008d400000, 0x000000008d400000| Complete 
| 213|0x000000008d500000, 0x000000008d600000, 0x000000008d600000|100%| E|CS|TAMS 0x000000008d500000, 0x000000008d500000| Complete 
| 214|0x000000008d600000, 0x000000008d700000, 0x000000008d700000|100%| E|CS|TAMS 0x000000008d600000, 0x000000008d600000| Complete 
| 215|0x000000008d700000, 0x000000008d800000, 0x000000008d800000|100%| E|CS|TAMS 0x000000008d700000, 0x000000008d700000| Complete 
| 216|0x000000008d800000, 0x000000008d900000, 0x000000008d900000|100%| E|CS|TAMS 0x000000008d800000, 0x000000008d800000| Complete 
| 217|0x000000008d900000, 0x000000008da00000, 0x000000008da00000|100%| E|CS|TAMS 0x000000008d900000, 0x000000008d900000| Complete 
| 218|0x000000008da00000, 0x000000008db00000, 0x000000008db00000|100%| E|CS|TAMS 0x000000008da00000, 0x000000008da00000| Complete 
| 219|0x000000008db00000, 0x000000008dc00000, 0x000000008dc00000|100%| E|CS|TAMS 0x000000008db00000, 0x000000008db00000| Complete 
| 220|0x000000008dc00000, 0x000000008dd00000, 0x000000008dd00000|100%| E|CS|TAMS 0x000000008dc00000, 0x000000008dc00000| Complete 
| 221|0x000000008dd00000, 0x000000008de00000, 0x000000008de00000|100%| E|CS|TAMS 0x000000008dd00000, 0x000000008dd00000| Complete 

Card table byte_map: [0x0000019eb7290000,0x0000019eb7690000] _byte_map_base: 0x0000019eb6e90000

Marking Bits (Prev, Next): (CMBitMap*) 0x0000019ea43a3e30, (CMBitMap*) 0x0000019ea43a3df8
 Prev Bits: [0x0000019eb9a90000, 0x0000019ebba90000)
 Next Bits: [0x0000019eb7a90000, 0x0000019eb9a90000)

Polling page: 0x0000019ea3b40000

Metaspace:

Usage:
  Non-class:     83.00 MB capacity,    81.20 MB ( 98%) used,     1.47 MB (  2%) free+waste,   338.44 KB ( <1%) overhead. 
      Class:     13.32 MB capacity,    12.20 MB ( 92%) used,   981.90 KB (  7%) free+waste,   161.44 KB (  1%) overhead. 
       Both:     96.32 MB capacity,    93.40 MB ( 97%) used,     2.42 MB (  3%) free+waste,   499.88 KB ( <1%) overhead. 

Virtual space:
  Non-class space:       84.00 MB reserved,      83.13 MB ( 99%) committed 
      Class space:        1.00 GB reserved,      13.32 MB (  1%) committed 
             Both:        1.08 GB reserved,      96.45 MB (  9%) committed 

Chunk freelists:
   Non-Class:  6.00 KB
       Class:  0 bytes
        Both:  6.00 KB

MaxMetaspaceSize: 17179869184.00 GB
CompressedClassSpaceSize: 1.00 GB
Initial GC threshold: 20.80 MB
Current GC threshold: 122.84 MB
CDS: off

CodeHeap 'non-profiled nmethods': size=120064Kb used=6635Kb max_used=6635Kb free=113428Kb
 bounds [0x0000019eaf950000, 0x0000019eaffd0000, 0x0000019eb6e90000]
CodeHeap 'profiled nmethods': size=120000Kb used=24668Kb max_used=24668Kb free=95331Kb
 bounds [0x0000019ea8420000, 0x0000019ea9c40000, 0x0000019eaf950000]
CodeHeap 'non-nmethods': size=5696Kb used=2394Kb max_used=2444Kb free=3302Kb
 bounds [0x0000019ea7e90000, 0x0000019ea8100000, 0x0000019ea8420000]
 total_blobs=12352 nmethods=11434 adapters=830
 compilation: enabled
              stopped_count=0, restarted_count=0
 full_count=0

Compilation events (20 events):
Event: 21.695 Thread 0x0000019ebdfa6800 11557       2       com.android.tools.r8.graph.f1::U0 (8 bytes)
Event: 21.695 Thread 0x0000019ebdfa6800 nmethod 11557 0x0000019ea9c34310 code [0x0000019ea9c34500, 0x0000019ea9c34878]
Event: 21.695 Thread 0x0000019ebdfa6800 11558       1       com.android.tools.r8.internal.T60::M (2 bytes)
Event: 21.695 Thread 0x0000019ebdfa6800 nmethod 11558 0x0000019eaffc7490 code [0x0000019eaffc7640, 0x0000019eaffc76f8]
Event: 21.698 Thread 0x0000019ebdf9b800 nmethod 11522 0x0000019eaffc7790 code [0x0000019eaffc7960, 0x0000019eaffc7fb8]
Event: 21.698 Thread 0x0000019ebdf9b800 11556       4       com.android.tools.r8.internal.ct::a (990 bytes)
Event: 21.698 Thread 0x0000019ec1bbc800 nmethod 11391 0x0000019eaffc8410 code [0x0000019eaffc85c0, 0x0000019eaffc8cd8]
Event: 21.699 Thread 0x0000019ec1bbc800 11542       4       com.android.tools.r8.internal.lC::a (63 bytes)
Event: 21.714 Thread 0x0000019ebdfa6800 11562       2       com.android.tools.r8.graph.v0::a (54 bytes)
Event: 21.715 Thread 0x0000019ebdfa6800 nmethod 11562 0x0000019ea9c34b10 code [0x0000019ea9c34da0, 0x0000019ea9c356a8]
Event: 21.722 Thread 0x0000019ebdfa6800 11565       2       com.android.tools.r8.internal.p4::<init> (10 bytes)
Event: 21.722 Thread 0x0000019ebdfa6800 nmethod 11565 0x0000019ea9c35c10 code [0x0000019ea9c35dc0, 0x0000019ea9c35ef8]
Event: 21.723 Thread 0x0000019ebdfa6800 11566       2       com.android.tools.r8.internal.q4::a (38 bytes)
Event: 21.723 Thread 0x0000019ebdfa6800 nmethod 11566 0x0000019ea9c35f90 code [0x0000019ea9c36140, 0x0000019ea9c362a8]
Event: 21.724 Thread 0x0000019ebdfa6800 11567       2       com.android.tools.r8.internal.n4::<init> (11 bytes)
Event: 21.724 Thread 0x0000019ebdfa6800 nmethod 11567 0x0000019ea9c36390 code [0x0000019ea9c36540, 0x0000019ea9c366d8]
Event: 21.725 Thread 0x0000019ec1bbc800 nmethod 11542 0x0000019eaffc9890 code [0x0000019eaffc9aa0, 0x0000019eaffca670]
Event: 21.725 Thread 0x0000019ec1bbc800 11564 %     4       com.android.tools.r8.internal.Ab::a @ 2534 (6176 bytes)
Event: 21.737 Thread 0x0000019ebdfa6800 11568   !   2       com.android.tools.r8.internal.eb::b (116 bytes)
Event: 21.738 Thread 0x0000019ebdfa6800 nmethod 11568 0x0000019ea9c36790 code [0x0000019ea9c369c0, 0x0000019ea9c37098]

GC Heap History (20 events):
Event: 12.598 GC heap after
{Heap after GC invocations=16 (full 0):
 garbage-first heap   total 157696K, used 53076K [0x0000000080000000, 0x0000000100000000)
  region size 1024K, 5 young (5120K), 5 survivors (5120K)
 Metaspace       used 66394K, capacity 68081K, committed 68304K, reserved 1107968K
  class space    used 8380K, capacity 9003K, committed 9036K, reserved 1048576K
}
Event: 12.914 GC heap before
{Heap before GC invocations=16 (full 0):
 garbage-first heap   total 157696K, used 80724K [0x0000000080000000, 0x0000000100000000)
  region size 1024K, 33 young (33792K), 5 survivors (5120K)
 Metaspace       used 67681K, capacity 69429K, committed 69584K, reserved 1110016K
  class space    used 8531K, capacity 9197K, committed 9292K, reserved 1048576K
}
Event: 12.924 GC heap after
{Heap after GC invocations=17 (full 0):
 garbage-first heap   total 157696K, used 54525K [0x0000000080000000, 0x0000000100000000)
  region size 1024K, 6 young (6144K), 6 survivors (6144K)
 Metaspace       used 67681K, capacity 69429K, committed 69584K, reserved 1110016K
  class space    used 8531K, capacity 9197K, committed 9292K, reserved 1048576K
}
Event: 13.900 GC heap before
{Heap before GC invocations=18 (full 0):
 garbage-first heap   total 157696K, used 115965K [0x0000000080000000, 0x0000000100000000)
  region size 1024K, 66 young (67584K), 6 survivors (6144K)
 Metaspace       used 72818K, capacity 74598K, committed 74832K, reserved 1114112K
  class space    used 9410K, capacity 10098K, committed 10188K, reserved 1048576K
}
Event: 13.926 GC heap after
{Heap after GC invocations=19 (full 0):
 garbage-first heap   total 157696K, used 58459K [0x0000000080000000, 0x0000000100000000)
  region size 1024K, 6 young (6144K), 6 survivors (6144K)
 Metaspace       used 72818K, capacity 74598K, committed 74832K, reserved 1114112K
  class space    used 9410K, capacity 10098K, committed 10188K, reserved 1048576K
}
Event: 14.745 GC heap before
{Heap before GC invocations=20 (full 0):
 garbage-first heap   total 157696K, used 118875K [0x0000000080000000, 0x0000000100000000)
  region size 1024K, 65 young (66560K), 6 survivors (6144K)
 Metaspace       used 76511K, capacity 78466K, committed 78800K, reserved 1118208K
  class space    used 9967K, capacity 10711K, committed 10828K, reserved 1048576K
}
Event: 14.762 GC heap after
{Heap after GC invocations=21 (full 0):
 garbage-first heap   total 157696K, used 62671K [0x0000000080000000, 0x0000000100000000)
  region size 1024K, 8 young (8192K), 8 survivors (8192K)
 Metaspace       used 76511K, capacity 78466K, committed 78800K, reserved 1118208K
  class space    used 9967K, capacity 10711K, committed 10828K, reserved 1048576K
}
Event: 15.765 GC heap before
{Heap before GC invocations=21 (full 0):
 garbage-first heap   total 157696K, used 122063K [0x0000000080000000, 0x0000000100000000)
  region size 1024K, 66 young (67584K), 8 survivors (8192K)
 Metaspace       used 81363K, capacity 83368K, committed 83536K, reserved 1122304K
  class space    used 10610K, capacity 11367K, committed 11468K, reserved 1048576K
}
Event: 15.782 GC heap after
{Heap after GC invocations=22 (full 0):
 garbage-first heap   total 189440K, used 67644K [0x0000000080000000, 0x0000000100000000)
  region size 1024K, 9 young (9216K), 9 survivors (9216K)
 Metaspace       used 81363K, capacity 83368K, committed 83536K, reserved 1122304K
  class space    used 10610K, capacity 11367K, committed 11468K, reserved 1048576K
}
Event: 16.511 GC heap before
{Heap before GC invocations=22 (full 0):
 garbage-first heap   total 189440K, used 139324K [0x0000000080000000, 0x0000000100000000)
  region size 1024K, 80 young (81920K), 9 survivors (9216K)
 Metaspace       used 83681K, capacity 85785K, committed 85968K, reserved 1124352K
  class space    used 10804K, capacity 11586K, committed 11596K, reserved 1048576K
}
Event: 16.537 GC heap after
{Heap after GC invocations=23 (full 0):
 garbage-first heap   total 189440K, used 77591K [0x0000000080000000, 0x0000000100000000)
  region size 1024K, 10 young (10240K), 10 survivors (10240K)
 Metaspace       used 83681K, capacity 85785K, committed 85968K, reserved 1124352K
  class space    used 10804K, capacity 11586K, committed 11596K, reserved 1048576K
}
Event: 18.320 GC heap before
{Heap before GC invocations=23 (full 0):
 garbage-first heap   total 189440K, used 144151K [0x0000000080000000, 0x0000000100000000)
  region size 1024K, 76 young (77824K), 10 survivors (10240K)
 Metaspace       used 86259K, capacity 88613K, committed 88784K, reserved 1126400K
  class space    used 11182K, capacity 12089K, committed 12108K, reserved 1048576K
}
Event: 18.344 GC heap after
{Heap after GC invocations=24 (full 0):
 garbage-first heap   total 189440K, used 83576K [0x0000000080000000, 0x0000000100000000)
  region size 1024K, 5 young (5120K), 5 survivors (5120K)
 Metaspace       used 86259K, capacity 88613K, committed 88784K, reserved 1126400K
  class space    used 11182K, capacity 12089K, committed 12108K, reserved 1048576K
}
Event: 19.902 GC heap before
{Heap before GC invocations=24 (full 0):
 garbage-first heap   total 189440K, used 148088K [0x0000000080000000, 0x0000000100000000)
  region size 1024K, 69 young (70656K), 5 survivors (5120K)
 Metaspace       used 87637K, capacity 90216K, committed 90320K, reserved 1128448K
  class space    used 11346K, capacity 12262K, committed 12364K, reserved 1048576K
}
Event: 19.917 GC heap after
{Heap after GC invocations=25 (full 0):
 garbage-first heap   total 189440K, used 86713K [0x0000000080000000, 0x0000000100000000)
  region size 1024K, 8 young (8192K), 8 survivors (8192K)
 Metaspace       used 87637K, capacity 90216K, committed 90320K, reserved 1128448K
  class space    used 11346K, capacity 12262K, committed 12364K, reserved 1048576K
}
Event: 20.412 GC heap before
{Heap before GC invocations=25 (full 0):
 garbage-first heap   total 189440K, used 150201K [0x0000000080000000, 0x0000000100000000)
  region size 1024K, 71 young (72704K), 8 survivors (8192K)
 Metaspace       used 88946K, capacity 91578K, committed 91856K, reserved 1128448K
  class space    used 11529K, capacity 12499K, committed 12620K, reserved 1048576K
}
Event: 20.429 GC heap after
{Heap after GC invocations=26 (full 0):
 garbage-first heap   total 227328K, used 97687K [0x0000000080000000, 0x0000000100000000)
  region size 1024K, 9 young (9216K), 9 survivors (9216K)
 Metaspace       used 88946K, capacity 91578K, committed 91856K, reserved 1128448K
  class space    used 11529K, capacity 12499K, committed 12620K, reserved 1048576K
}
Event: 21.185 GC heap before
{Heap before GC invocations=26 (full 0):
 garbage-first heap   total 227328K, used 170391K [0x0000000080000000, 0x0000000100000000)
  region size 1024K, 80 young (81920K), 9 survivors (9216K)
 Metaspace       used 93006K, capacity 95826K, committed 95952K, reserved 1132544K
  class space    used 12088K, capacity 13114K, committed 13132K, reserved 1048576K
}
Event: 21.214 GC heap after
{Heap after GC invocations=27 (full 0):
 garbage-first heap   total 227328K, used 106496K [0x0000000080000000, 0x0000000100000000)
  region size 1024K, 10 young (10240K), 10 survivors (10240K)
 Metaspace       used 93006K, capacity 95826K, committed 95952K, reserved 1132544K
  class space    used 12088K, capacity 13114K, committed 13132K, reserved 1048576K
}
Event: 21.755 GC heap before
{Heap before GC invocations=27 (full 0):
 garbage-first heap   total 227328K, used 175104K [0x0000000080000000, 0x0000000100000000)
  region size 1024K, 77 young (78848K), 10 survivors (10240K)
 Metaspace       used 95646K, capacity 98629K, committed 98768K, reserved 1134592K
  class space    used 12495K, capacity 13639K, committed 13644K, reserved 1048576K
}

Deoptimization events (20 events):
Event: 21.166 Thread 0x0000019ec4c4a800 DEOPT PACKING pc=0x0000019eaff95c68 sp=0x00000042367f99b0
Event: 21.166 Thread 0x0000019ec4c4a800 DEOPT UNPACKING pc=0x0000019ea7eda1af sp=0x00000042367f9998 mode 2
Event: 21.170 Thread 0x0000019ec4c4a800 DEOPT PACKING pc=0x0000019ea9a7fd13 sp=0x00000042367fa3a0
Event: 21.170 Thread 0x0000019ec4c4a800 DEOPT UNPACKING pc=0x0000019ea7eda95e sp=0x00000042367f98d0 mode 0
Event: 21.525 Thread 0x0000019ec4c47000 DEOPT PACKING pc=0x0000019ea9b4ddf4 sp=0x00000042360f9aa0
Event: 21.526 Thread 0x0000019ec4c47000 DEOPT UNPACKING pc=0x0000019ea7eda95e sp=0x00000042360f9210 mode 0
Event: 21.547 Thread 0x0000019ec4c47000 DEOPT PACKING pc=0x0000019ea9b4ddd3 sp=0x00000042360f9aa0
Event: 21.547 Thread 0x0000019ec4c47000 DEOPT UNPACKING pc=0x0000019ea7eda95e sp=0x00000042360f9210 mode 0
Event: 21.722 Thread 0x0000019ec4c47000 Uncommon trap: trap_request=0xffffff4d fr.pc=0x0000019eaff9cb04 relative=0x0000000000000064
Event: 21.722 Thread 0x0000019ec4c47000 Uncommon trap: reason=unstable_if action=reinterpret pc=0x0000019eaff9cb04 method=com.android.tools.r8.internal.mN.d(Ljava/lang/Object;)Z @ 7 c2
Event: 21.722 Thread 0x0000019ec4c47000 DEOPT PACKING pc=0x0000019eaff9cb04 sp=0x00000042360fb040
Event: 21.722 Thread 0x0000019ec4c47000 DEOPT UNPACKING pc=0x0000019ea7eda1af sp=0x00000042360faf78 mode 2
Event: 21.753 Thread 0x0000019ec4c4a800 Uncommon trap: trap_request=0xffffff4d fr.pc=0x0000019eaffbbe58 relative=0x00000000000039f8
Event: 21.754 Thread 0x0000019ec4c4a800 Uncommon trap: reason=unstable_if action=reinterpret pc=0x0000019eaffbbe58 method=com.android.tools.r8.internal.ug.e(Ljava/lang/String;)[Ljava/lang/String; @ 27 c2
Event: 21.754 Thread 0x0000019ec4c4a800 DEOPT PACKING pc=0x0000019eaffbbe58 sp=0x00000042367f9420
Event: 21.754 Thread 0x0000019ec4c4a800 DEOPT UNPACKING pc=0x0000019ea7eda1af sp=0x00000042367f93a0 mode 2
Event: 21.754 Thread 0x0000019ec4c4a800 Uncommon trap: trap_request=0xffffff4d fr.pc=0x0000019eaffb0aa8 relative=0x0000000000001988
Event: 21.754 Thread 0x0000019ec4c4a800 Uncommon trap: reason=unstable_if action=reinterpret pc=0x0000019eaffb0aa8 method=com.android.tools.r8.internal.ug.e(Ljava/lang/String;)[Ljava/lang/String; @ 27 c2
Event: 21.754 Thread 0x0000019ec4c4a800 DEOPT PACKING pc=0x0000019eaffb0aa8 sp=0x00000042367f9390
Event: 21.754 Thread 0x0000019ec4c4a800 DEOPT UNPACKING pc=0x0000019ea7eda1af sp=0x00000042367f9388 mode 2

Classes redefined (0 events):
No events

Internal exceptions (20 events):
Event: 20.358 Thread 0x0000019ebfe09800 Exception <a 'sun/nio/fs/WindowsException'{0x0000000089211da8}> (0x0000000089211da8) thrown at [src/hotspot/share/prims/jni.cpp, line 617]
Event: 20.372 Thread 0x0000019ec4c47000 Exception <a 'sun/nio/fs/WindowsException'{0x0000000088b927c0}> (0x0000000088b927c0) thrown at [src/hotspot/share/prims/jni.cpp, line 617]
Event: 20.395 Thread 0x0000019ec2510000 Exception <a 'sun/nio/fs/WindowsException'{0x0000000087f25768}> (0x0000000087f25768) thrown at [src/hotspot/share/prims/jni.cpp, line 617]
Event: 20.445 Thread 0x0000019ec4c47000 Exception <a 'java/lang/NoSuchMethodError'{0x000000008d962c00}: 'java.lang.Object java.lang.invoke.DirectMethodHandle$Holder.newInvokeSpecial(java.lang.Object, int)'> (0x000000008d962c00) thrown at [src/hotspot/share/interpreter/linkResolver.cpp, line 773]
Event: 20.445 Thread 0x0000019ebfe09800 Exception <a 'java/lang/NoSuchMethodError'{0x000000008db9d448}: 'java.lang.Object java.lang.invoke.DirectMethodHandle$Holder.newInvokeSpecial(java.lang.Object, int)'> (0x000000008db9d448) thrown at [src/hotspot/share/interpreter/linkResolver.cpp, line 773]
Event: 20.445 Thread 0x0000019ec2510000 Exception <a 'java/lang/NoSuchMethodError'{0x000000008db62428}: 'java.lang.Object java.lang.invoke.DirectMethodHandle$Holder.newInvokeSpecial(java.lang.Object, int)'> (0x000000008db62428) thrown at [src/hotspot/share/interpreter/linkResolver.cpp, line 773]
Event: 20.481 Thread 0x0000019ec4c4a800 Exception <a 'sun/nio/fs/WindowsException'{0x000000008d213120}> (0x000000008d213120) thrown at [src/hotspot/share/prims/jni.cpp, line 617]
Event: 20.610 Thread 0x0000019ec2510000 Exception <a 'java/lang/NoSuchMethodError'{0x000000008ccac4d8}: 'java.lang.Object java.lang.invoke.DirectMethodHandle$Holder.invokeStaticInit(java.lang.Object, java.lang.Object, java.lang.Object, java.lang.Object, java.lang.Object, java.lang.Object, java.lang.Object, java.lang.Object, java.lang.Object, java.lang.Object, java.lang.Object, java.lang.Object, java.lang.Object, java.lang.Object, java.lang.Object, java.lang.Object, java.lang.Object, java.lang.Object, java.lang.Object, int, java.lang.Object, java
Event: 20.648 Thread 0x0000019ec2510000 Exception <a 'java/lang/IncompatibleClassChangeError'{0x000000008cbd1410}: Found class java.lang.Object, but interface was expected> (0x000000008cbd1410) thrown at [src/hotspot/share/interpreter/linkResolver.cpp, line 839]
Event: 20.648 Thread 0x0000019ebfe09800 Exception <a 'java/lang/IncompatibleClassChangeError'{0x000000008cc71ba0}: Found class java.lang.Object, but interface was expected> (0x000000008cc71ba0) thrown at [src/hotspot/share/interpreter/linkResolver.cpp, line 839]
Event: 20.649 Thread 0x0000019ec4c47000 Exception <a 'java/lang/IncompatibleClassChangeError'{0x000000008cb47008}: Found class java.lang.Object, but interface was expected> (0x000000008cb47008) thrown at [src/hotspot/share/interpreter/linkResolver.cpp, line 839]
Event: 20.648 Thread 0x0000019ec4c4a800 Exception <a 'java/lang/IncompatibleClassChangeError'{0x000000008cc3eee0}: Found class java.lang.Object, but interface was expected> (0x000000008cc3eee0) thrown at [src/hotspot/share/interpreter/linkResolver.cpp, line 839]
Event: 20.697 Thread 0x0000019ec2510000 Exception <a 'java/lang/NoSuchMethodError'{0x000000008c8b3160}: 'java.lang.Object java.lang.invoke.DirectMethodHandle$Holder.invokeStatic(java.lang.Object, long)'> (0x000000008c8b3160) thrown at [src/hotspot/share/interpreter/linkResolver.cpp, line 773]
Event: 20.697 Thread 0x0000019ec2510000 Exception <a 'java/lang/NoSuchMethodError'{0x000000008c8b6f88}: 'java.lang.Object java.lang.invoke.DirectMethodHandle$Holder.invokeSpecial(java.lang.Object, java.lang.Object, long)'> (0x000000008c8b6f88) thrown at [src/hotspot/share/interpreter/linkResolver.cpp, line 773]
Event: 21.177 Thread 0x0000019ec4c47000 Exception <a 'java/lang/NoSuchMethodError'{0x00000000898aea00}: 'void java.lang.invoke.DirectMethodHandle$Holder.invokeStatic(java.lang.Object, java.lang.Object, java.lang.Object, int)'> (0x00000000898aea00) thrown at [src/hotspot/share/interpreter/linkResolver.cpp, line 773]
Event: 21.178 Thread 0x0000019ec4c47000 Exception <a 'java/lang/IncompatibleClassChangeError'{0x00000000897015c8}: Found class java.lang.Object, but interface was expected> (0x00000000897015c8) thrown at [src/hotspot/share/interpreter/linkResolver.cpp, line 839]
Event: 21.178 Thread 0x0000019ec2510000 Exception <a 'java/lang/IncompatibleClassChangeError'{0x0000000089b59088}: Found class java.lang.Object, but interface was expected> (0x0000000089b59088) thrown at [src/hotspot/share/interpreter/linkResolver.cpp, line 839]
Event: 21.711 Thread 0x0000019ec2510000 Exception <a 'java/lang/NoSuchMethodError'{0x000000008a0e7428}: 'java.lang.Object java.lang.invoke.DirectMethodHandle$Holder.invokeStatic(java.lang.Object, int, java.lang.Object, java.lang.Object)'> (0x000000008a0e7428) thrown at [src/hotspot/share/interpreter/linkResolver.cpp, line 773]
Event: 21.711 Thread 0x0000019ebfe09800 Exception <a 'java/lang/NoSuchMethodError'{0x0000000089f306b8}: 'java.lang.Object java.lang.invoke.DirectMethodHandle$Holder.invokeStatic(java.lang.Object, int, java.lang.Object, java.lang.Object)'> (0x0000000089f306b8) thrown at [src/hotspot/share/interpreter/linkResolver.cpp, line 773]
Event: 21.711 Thread 0x0000019ec4c47000 Exception <a 'java/lang/NoSuchMethodError'{0x0000000089f0cd30}: 'java.lang.Object java.lang.invoke.DirectMethodHandle$Holder.invokeStatic(java.lang.Object, int, java.lang.Object, java.lang.Object)'> (0x0000000089f0cd30) thrown at [src/hotspot/share/interpreter/linkResolver.cpp, line 773]

Events (20 events):
Event: 21.750 loading class com/android/tools/r8/internal/Cg done
Event: 21.751 loading class com/android/tools/r8/internal/zg
Event: 21.751 loading class com/android/tools/r8/internal/zg done
Event: 21.751 loading class com/android/tools/r8/errors/UnsupportedFeatureDiagnostic
Event: 21.751 loading class com/android/tools/r8/errors/UnsupportedFeatureDiagnostic done
Event: 21.751 loading class com/android/tools/r8/errors/UnsupportedInvokeCustomDiagnostic
Event: 21.751 loading class com/android/tools/r8/errors/UnsupportedInvokeCustomDiagnostic done
Event: 21.751 loading class com/android/tools/r8/internal/k50
Event: 21.751 loading class com/android/tools/r8/internal/k50 done
Event: 21.752 loading class com/android/tools/r8/errors/UnsupportedInvokePolymorphicMethodHandleDiagnostic
Event: 21.752 loading class com/android/tools/r8/errors/UnsupportedInvokePolymorphicMethodHandleDiagnostic done
Event: 21.753 loading class com/android/tools/r8/internal/g50
Event: 21.753 loading class com/android/tools/r8/internal/g50 done
Event: 21.753 loading class com/android/tools/r8/errors/UnsupportedConstMethodHandleDiagnostic
Event: 21.753 loading class com/android/tools/r8/errors/UnsupportedConstMethodHandleDiagnostic done
Event: 21.754 loading class com/android/tools/r8/internal/h50
Event: 21.754 loading class com/android/tools/r8/internal/h50 done
Event: 21.754 loading class com/android/tools/r8/errors/UnsupportedConstMethodTypeDiagnostic
Event: 21.754 loading class com/android/tools/r8/errors/UnsupportedConstMethodTypeDiagnostic done
Event: 21.755 Executing VM operation: G1CollectForAllocation


Dynamic libraries:
0x00007ff67edf0000 - 0x00007ff67edfa000 	D:\Tejas\Software\android-studio\jbr\bin\java.exe
0x00007ffdfbbf0000 - 0x00007ffdfbde8000 	C:\WINDOWS\SYSTEM32\ntdll.dll
0x00007ffdfab10000 - 0x00007ffdfabcf000 	C:\WINDOWS\System32\KERNEL32.DLL
0x00007ffdf97b0000 - 0x00007ffdf9a82000 	C:\WINDOWS\System32\KERNELBASE.dll
0x00007ffdf9610000 - 0x00007ffdf9710000 	C:\WINDOWS\System32\ucrtbase.dll
0x00007ffde2230000 - 0x00007ffde2247000 	D:\Tejas\Software\android-studio\jbr\bin\jli.dll
0x00007ffde9340000 - 0x00007ffde935b000 	D:\Tejas\Software\android-studio\jbr\bin\VCRUNTIME140.dll
0x00007ffdf9ce0000 - 0x00007ffdf9e81000 	C:\WINDOWS\System32\USER32.dll
0x00007ffdde8a0000 - 0x00007ffddeb3a000 	C:\WINDOWS\WinSxS\amd64_microsoft.windows.common-controls_6595b64144ccf1df_6.0.19041.1110_none_60b5254171f9507e\COMCTL32.dll
0x00007ffdf95e0000 - 0x00007ffdf9602000 	C:\WINDOWS\System32\win32u.dll
0x00007ffdfa8d0000 - 0x00007ffdfa96e000 	C:\WINDOWS\System32\msvcrt.dll
0x00007ffdf9c30000 - 0x00007ffdf9c5b000 	C:\WINDOWS\System32\GDI32.dll
0x00007ffdf9a90000 - 0x00007ffdf9b9f000 	C:\WINDOWS\System32\gdi32full.dll
0x00007ffdf9440000 - 0x00007ffdf94dd000 	C:\WINDOWS\System32\msvcp_win.dll
0x00007ffdfba40000 - 0x00007ffdfba72000 	C:\WINDOWS\System32\IMM32.DLL
0x00007ffdda540000 - 0x00007ffdda5cd000 	D:\Tejas\Software\android-studio\jbr\bin\msvcp140.dll
0x00007ffde8c80000 - 0x00007ffde8c8c000 	C:\WINDOWS\SYSTEM32\VCRUNTIME140_1.dll
0x00007ffdc2d40000 - 0x00007ffdc38fc000 	D:\Tejas\Software\android-studio\jbr\bin\server\jvm.dll
0x00007ffdfb6d0000 - 0x00007ffdfb77e000 	C:\WINDOWS\System32\ADVAPI32.dll
0x00007ffdfb9a0000 - 0x00007ffdfba3c000 	C:\WINDOWS\System32\sechost.dll
0x00007ffdfacb0000 - 0x00007ffdfadd5000 	C:\WINDOWS\System32\RPCRT4.dll
0x00007ffdfaa40000 - 0x00007ffdfaa48000 	C:\WINDOWS\System32\PSAPI.DLL
0x00007ffddf5a0000 - 0x00007ffddf5a9000 	C:\WINDOWS\SYSTEM32\WSOCK32.dll
0x00007ffdf4940000 - 0x00007ffdf4967000 	C:\WINDOWS\SYSTEM32\WINMM.dll
0x00007ffdf1f30000 - 0x00007ffdf1f3a000 	C:\WINDOWS\SYSTEM32\VERSION.dll
0x00007ffdfb840000 - 0x00007ffdfb8ab000 	C:\WINDOWS\System32\WS2_32.dll
0x00007ffdf70e0000 - 0x00007ffdf70f2000 	C:\WINDOWS\SYSTEM32\kernel.appcore.dll
0x00007ffdf4dc0000 - 0x00007ffdf4dd0000 	D:\Tejas\Software\android-studio\jbr\bin\verify.dll
0x00007ffde8d40000 - 0x00007ffde8f24000 	C:\WINDOWS\SYSTEM32\DBGHELP.DLL
0x00007ffde21c0000 - 0x00007ffde21f5000 	C:\WINDOWS\SYSTEM32\dbgcore.DLL
0x00007ffdf9ba0000 - 0x00007ffdf9c22000 	C:\WINDOWS\System32\bcryptPrimitives.dll
0x00007ffdf4d10000 - 0x00007ffdf4d38000 	D:\Tejas\Software\android-studio\jbr\bin\java.dll
0x00007ffdf4d00000 - 0x00007ffdf4d0a000 	D:\Tejas\Software\android-studio\jbr\bin\jimage.dll
0x00007ffdf4ce0000 - 0x00007ffdf4cf8000 	D:\Tejas\Software\android-studio\jbr\bin\zip.dll
0x00007ffdfaf80000 - 0x00007ffdfb6c4000 	C:\WINDOWS\System32\SHELL32.dll
0x00007ffdf73c0000 - 0x00007ffdf7b52000 	C:\WINDOWS\SYSTEM32\windows.storage.dll
0x00007ffdfa3c0000 - 0x00007ffdfa715000 	C:\WINDOWS\System32\combase.dll
0x00007ffdf8c60000 - 0x00007ffdf8c90000 	C:\WINDOWS\SYSTEM32\Wldp.dll
0x00007ffdfaa60000 - 0x00007ffdfab0d000 	C:\WINDOWS\System32\SHCORE.dll
0x00007ffdfae00000 - 0x00007ffdfae55000 	C:\WINDOWS\System32\shlwapi.dll
0x00007ffdf9220000 - 0x00007ffdf923f000 	C:\WINDOWS\SYSTEM32\profapi.dll
0x00007ffdf4cc0000 - 0x00007ffdf4cd9000 	D:\Tejas\Software\android-studio\jbr\bin\net.dll
0x00007ffdf2480000 - 0x00007ffdf258c000 	C:\WINDOWS\SYSTEM32\WINHTTP.dll
0x00007ffdf89c0000 - 0x00007ffdf8a2a000 	C:\WINDOWS\system32\mswsock.dll
0x00007ffdf4820000 - 0x00007ffdf4833000 	D:\Tejas\Software\android-studio\jbr\bin\nio.dll
0x00007ffddaa20000 - 0x00007ffddaa47000 	C:\Users\Admin\.gradle\native\e1d6ef7f7dcc3fd88c89a11ec53ec762bb8ba0a96d01ffa2cd45eb1d1d8dd5c5\windows-amd64\native-platform.dll
0x00007ffdd9e30000 - 0x00007ffdd9f74000 	C:\Users\Admin\.gradle\native\0d407fdbe67a94daf76414ababcb853783967236a71b16ec16e742cd7a986fd3\windows-amd64\native-platform-file-events.dll
0x00007ffdf4cb0000 - 0x00007ffdf4cba000 	D:\Tejas\Software\android-studio\jbr\bin\management.dll
0x00007ffdf4810000 - 0x00007ffdf481b000 	D:\Tejas\Software\android-studio\jbr\bin\management_ext.dll
0x00007ffdf8bc0000 - 0x00007ffdf8bd8000 	C:\WINDOWS\SYSTEM32\CRYPTSP.dll
0x00007ffdf82e0000 - 0x00007ffdf8314000 	C:\WINDOWS\system32\rsaenh.dll
0x00007ffdf9780000 - 0x00007ffdf97a7000 	C:\WINDOWS\System32\bcrypt.dll
0x00007ffdf91a0000 - 0x00007ffdf91ce000 	C:\WINDOWS\SYSTEM32\USERENV.dll
0x00007ffdf8bb0000 - 0x00007ffdf8bbc000 	C:\WINDOWS\SYSTEM32\CRYPTBASE.dll
0x00007ffdf86b0000 - 0x00007ffdf86eb000 	C:\WINDOWS\SYSTEM32\IPHLPAPI.DLL
0x00007ffdf9e90000 - 0x00007ffdf9e98000 	C:\WINDOWS\System32\NSI.dll
0x00007ffdefeb0000 - 0x00007ffdefec7000 	C:\WINDOWS\SYSTEM32\dhcpcsvc6.DLL
0x00007ffdefe90000 - 0x00007ffdefead000 	C:\WINDOWS\SYSTEM32\dhcpcsvc.DLL
0x00007ffdf86f0000 - 0x00007ffdf87ba000 	C:\WINDOWS\SYSTEM32\DNSAPI.dll

dbghelp: loaded successfully - version: 4.0.5 - missing functions: none
symbol engine: initialized successfully - sym options: 0x614 - pdb path: .;D:\Tejas\Software\android-studio\jbr\bin;C:\WINDOWS\SYSTEM32;C:\WINDOWS\WinSxS\amd64_microsoft.windows.common-controls_6595b64144ccf1df_6.0.19041.1110_none_60b5254171f9507e;D:\Tejas\Software\android-studio\jbr\bin\server;C:\Users\Admin\.gradle\native\e1d6ef7f7dcc3fd88c89a11ec53ec762bb8ba0a96d01ffa2cd45eb1d1d8dd5c5\windows-amd64;C:\Users\Admin\.gradle\native\0d407fdbe67a94daf76414ababcb853783967236a71b16ec16e742cd7a986fd3\windows-amd64

VM Arguments:
jvm_args: --add-opens=java.base/java.util=ALL-UNNAMED --add-opens=java.base/java.lang=ALL-UNNAMED --add-opens=java.base/java.lang.invoke=ALL-UNNAMED --add-opens=java.base/java.util=ALL-UNNAMED --add-opens=java.prefs/java.util.prefs=ALL-UNNAMED --add-opens=java.prefs/java.util.prefs=ALL-UNNAMED --add-opens=java.base/java.nio.charset=ALL-UNNAMED --add-opens=java.base/java.net=ALL-UNNAMED --add-opens=java.base/java.util.concurrent.atomic=ALL-UNNAMED -Xmx2048m -Dfile.encoding=UTF-8 -Duser.country=IN -Duser.language=en -Duser.variant 
java_command: org.gradle.launcher.daemon.bootstrap.GradleDaemon 7.5
java_class_path (initial): C:\Users\Admin\.gradle\wrapper\dists\gradle-7.5-bin\f1w0cc9nuo0eivz97x2xlu9sv\gradle-7.5\lib\gradle-launcher-7.5.jar
Launcher Type: SUN_STANDARD

[Global flags]
     intx CICompilerCount                          = 3                                         {product} {ergonomic}
     uint ConcGCThreads                            = 1                                         {product} {ergonomic}
     uint G1ConcRefinementThreads                  = 4                                         {product} {ergonomic}
   size_t G1HeapRegionSize                         = 1048576                                   {product} {ergonomic}
    uintx GCDrainStackTargetSize                   = 64                                        {product} {ergonomic}
   size_t InitialHeapSize                          = 134217728                                 {product} {ergonomic}
   size_t MarkStackSize                            = 4194304                                   {product} {ergonomic}
   size_t MaxHeapSize                              = 2147483648                                {product} {command line}
   size_t MaxNewSize                               = 1287651328                                {product} {ergonomic}
   size_t MinHeapDeltaBytes                        = 1048576                                   {product} {ergonomic}
    uintx NonNMethodCodeHeapSize                   = 5830732                                {pd product} {ergonomic}
    uintx NonProfiledCodeHeapSize                  = 122913754                              {pd product} {ergonomic}
    uintx ProfiledCodeHeapSize                     = 122913754                              {pd product} {ergonomic}
    uintx ReservedCodeCacheSize                    = 251658240                              {pd product} {ergonomic}
     bool SegmentedCodeCache                       = true                                      {product} {ergonomic}
     bool UseCompressedClassPointers               = true                                 {lp64_product} {ergonomic}
     bool UseCompressedOops                        = true                                 {lp64_product} {ergonomic}
     bool UseG1GC                                  = true                                      {product} {ergonomic}
     bool UseLargePagesIndividualAllocation        = false                                  {pd product} {ergonomic}

Logging:
Log output configuration:
 #0: stdout all=warning uptime,level,tags
 #1: stderr all=off uptime,level,tags

Environment Variables:
PATH=C:\Users\Admin\AppData\Local\Programs\Python\Python310\Scripts\;C:\Users\Admin\AppData\Local\Programs\Python\Python310\;C:\ProgramData\Oracle\Java\javapath;C:\Program Files\R\R-4.1.3\bin;E:\DB\bin;E:\DB;C:\Program Files\dotnet\;D:\Tejas\Software\Git\cmd;D:\Tejas\Software\anaconda\Scripts;D:\Tejas\Software\anaconda;D:\Tejas\Software\anaconda\Library\bin;D:\Tejas\Software\nodejs\;C:\ProgramData\chocolatey\bin;C:\Program Files\MySQL\MySQL Server 8.0\bin;D:\Tejas\Software\mingw\bin;C:\Program Files\MySQL\MySQL Shell 8.0\bin\;C:\Users\Admin\AppData\Local\Microsoft\WindowsApps;C:\Users\Admin\Microsoft VS Code\bin;C:\Users\Admin\AppData\Local\Android\Sdk\platform-tools;C:\Users\Admin\AppData\Roaming\npm;";C:\WINDOWS\system32";
USERNAME=Admin
OS=Windows_NT
PROCESSOR_IDENTIFIER=Intel64 Family 6 Model 60 Stepping 3, GenuineIntel



---------------  S Y S T E M  ---------------

OS: Windows 10 , 64 bit Build 19041 (10.0.19041.2364)
OS uptime: 0 days 2:23 hours

CPU:total 4 (initial active 4) (2 cores per cpu, 2 threads per core) family 6 model 60 stepping 3 microcode 0x27, cmov, cx8, fxsr, mmx, sse, sse2, sse3, ssse3, sse4.1, sse4.2, popcnt, avx, avx2, aes, clmul, erms, lzcnt, ht, tsc, tscinvbit, bmi1, bmi2, fma

Memory: 4k page, system-wide physical 8111M (2089M free)
TotalPageFile size 11294M (AvailPageFile size 3483M)
current process WorkingSet (physical memory assigned to process): 506M, peak: 506M
current process commit charge ("private bytes"): 560M, peak: 561M

vm_info: OpenJDK 64-Bit Server VM (11.0.15+0-b2043.56-8887301) for windows-amd64 JRE (11.0.15+0-b2043.56-8887301), built on Jul 29 2022 23:19:47 by "builduser" with unknown MS VC++:1929

END.
